<?xml version="1.0" encoding="UTF-8"?>
<!-- Generated by org.testng.reporters.JUnitXMLReporter -->
<testsuite hostname="G-0439" name="Default test" tests="6" failures="0" timestamp="4 May 2016 07:42:29 GMT" time="0.063" errors="0">
  <testcase name="@BeforeClass BeforeNavigation" time="0.0" classname="validateCollege_InformationSRM.ValidateCollege_InformationSRM">
    <failure type="org.testng.TestNGException" message="
Parameter &amp;apos;Browser&amp;apos; is required by @Configuration on method BeforeNavigation but has not been marked @Optional or defined
in C:\Users\ravinder.kumar\AppData\Local\Temp\testng-eclipse--1880513344\testng-customsuite.xml">
      <![CDATA[org.testng.TestNGException: 
Parameter 'Browser' is required by @Configuration on method BeforeNavigation but has not been marked @Optional or defined
in C:\Users\ravinder.kumar\AppData\Local\Temp\testng-eclipse--1880513344\testng-customsuite.xml
	at org.testng.internal.Parameters.createParameters(Parameters.java:148)
	at org.testng.internal.Parameters.createParameters(Parameters.java:361)
	at org.testng.internal.Parameters.createConfigurationParameters(Parameters.java:84)
	at org.testng.internal.Invoker.invokeConfigurations(Invoker.java:199)
	at org.testng.internal.Invoker.invokeConfigurations(Invoker.java:140)
	at org.testng.internal.TestMethodWorker.invokeBeforeClassMethods(TestMethodWorker.java:170)
	at org.testng.internal.TestMethodWorker.run(TestMethodWorker.java:104)
	at org.testng.TestRunner.privateRun(TestRunner.java:771)
	at org.testng.TestRunner.run(TestRunner.java:621)
	at org.testng.SuiteRunner.runTest(SuiteRunner.java:357)
	at org.testng.SuiteRunner.runSequentially(SuiteRunner.java:352)
	at org.testng.SuiteRunner.privateRun(SuiteRunner.java:310)
	at org.testng.SuiteRunner.run(SuiteRunner.java:259)
	at org.testng.SuiteRunnerWorker.runSuite(SuiteRunnerWorker.java:52)
	at org.testng.SuiteRunnerWorker.run(SuiteRunnerWorker.java:86)
	at org.testng.TestNG.runSuitesSequentially(TestNG.java:1176)
	at org.testng.TestNG.runSuitesLocally(TestNG.java:1101)
	at org.testng.TestNG.run(TestNG.java:1009)
	at org.testng.remote.RemoteTestNG.run(RemoteTestNG.java:111)
	at org.testng.remote.RemoteTestNG.initAndRun(RemoteTestNG.java:204)
	at org.testng.remote.RemoteTestNG.main(RemoteTestNG.java:175)
]]>
    </failure>
  </testcase> <!-- @BeforeClass BeforeNavigation -->
  <testcase name="@AfterClass AfterNavigation" time="0.0" classname="validateCollege_InformationSRM.ValidateCollege_InformationSRM">
    <skipped/>
  </testcase> <!-- @AfterClass AfterNavigation -->
  <testcase name="BrowseToAddInfoCallLeadPage" time="0.007" classname="validateCollege_InformationSRM.ValidateCollege_InformationSRM">
    <skipped/>
  </testcase> <!-- BrowseToAddInfoCallLeadPage -->
  <testcase name="VerifyLeadInSRM" time="0.0" classname="validateCollege_InformationSRM.ValidateCollege_InformationSRM">
    <skipped/>
  </testcase> <!-- VerifyLeadInSRM -->
  <testcase name="Lead_Flow" time="0.0" classname="validateCollege_InformationSRM.ValidateCollege_InformationSRM">
    <skipped/>
  </testcase> <!-- Lead_Flow -->
  <testcase name="SRM__Lead_Details" time="0.0" classname="validateCollege_InformationSRM.ValidateCollege_InformationSRM">
    <skipped/>
  </testcase> <!-- SRM__Lead_Details -->
  <testcase name="VerifyOpportunityInSRM" time="0.0" classname="validateCollege_InformationSRM.ValidateCollege_InformationSRM">
    <skipped/>
  </testcase> <!-- VerifyOpportunityInSRM -->
  <testcase name="VerifyNewOpportunityInSRM" time="0.0" classname="validateCollege_InformationSRM.ValidateCollege_InformationSRM">
    <skipped/>
  </testcase> <!-- VerifyNewOpportunityInSRM -->
</testsuite> <!-- Default test -->
