<?xml version="1.0" encoding="UTF-8"?>
<!-- Generated by org.testng.reporters.JUnitXMLReporter -->
<testsuite hostname="G-0439" name="Default test" tests="6" failures="0" timestamp="18 Mar 2015 12:51:56 GMT" time="0.061" errors="0">
  <testcase name="@BeforeClass BeforeNavigation" time="0.0" classname="orion3_LeadCreation.Lead_InfoCall">
    <failure type="org.testng.TestNGException" message="
Parameter &amp;apos;Browser&amp;apos; is required by @Configuration on method BeforeNavigation but has not been marked @Optional or defined
in C:\Users\ravinder.kumar\AppData\Local\Temp\testng-eclipse--1809712751\testng-customsuite.xml">
      <![CDATA[org.testng.TestNGException: 
Parameter 'Browser' is required by @Configuration on method BeforeNavigation but has not been marked @Optional or defined
in C:\Users\ravinder.kumar\AppData\Local\Temp\testng-eclipse--1809712751\testng-customsuite.xml
	at org.testng.internal.Parameters.createParameters(Parameters.java:155)
	at org.testng.internal.Parameters.createParameters(Parameters.java:358)
	at org.testng.internal.Parameters.createConfigurationParameters(Parameters.java:86)
	at org.testng.internal.Invoker.invokeConfigurations(Invoker.java:199)
	at org.testng.internal.Invoker.invokeConfigurations(Invoker.java:138)
	at org.testng.internal.TestMethodWorker.invokeBeforeClassMethods(TestMethodWorker.java:175)
	at org.testng.internal.TestMethodWorker.run(TestMethodWorker.java:107)
	at org.testng.TestRunner.privateRun(TestRunner.java:767)
	at org.testng.TestRunner.run(TestRunner.java:617)
	at org.testng.SuiteRunner.runTest(SuiteRunner.java:334)
	at org.testng.SuiteRunner.runSequentially(SuiteRunner.java:329)
	at org.testng.SuiteRunner.privateRun(SuiteRunner.java:291)
	at org.testng.SuiteRunner.run(SuiteRunner.java:240)
	at org.testng.SuiteRunnerWorker.runSuite(SuiteRunnerWorker.java:52)
	at org.testng.SuiteRunnerWorker.run(SuiteRunnerWorker.java:86)
	at org.testng.TestNG.runSuitesSequentially(TestNG.java:1224)
	at org.testng.TestNG.runSuitesLocally(TestNG.java:1149)
	at org.testng.TestNG.run(TestNG.java:1057)
	at org.testng.remote.RemoteTestNG.run(RemoteTestNG.java:111)
	at org.testng.remote.RemoteTestNG.initAndRun(RemoteTestNG.java:204)
	at org.testng.remote.RemoteTestNG.main(RemoteTestNG.java:175)
]]>
    </failure>
  </testcase> <!-- @BeforeClass BeforeNavigation -->
  <testcase name="@AfterClass AfterNavigation" time="0.0" classname="orion3_LeadCreation.Lead_InfoCall">
    <skipped/>
  </testcase> <!-- @AfterClass AfterNavigation -->
  <testcase name="BrowseToAddNewLeadPage" time="0.011" classname="orion3_LeadCreation.Lead_InfoCall">
    <skipped/>
  </testcase> <!-- BrowseToAddNewLeadPage -->
  <testcase name="Leads_ClassificationDetails" time="0.0" classname="orion3_LeadCreation.Lead_InfoCall">
    <skipped/>
  </testcase> <!-- Leads_ClassificationDetails -->
  <testcase name="Leads_ProgramOfInterest" time="0.001" classname="orion3_LeadCreation.Lead_InfoCall">
    <skipped/>
  </testcase> <!-- Leads_ProgramOfInterest -->
  <testcase name="Leads_Details" time="0.001" classname="orion3_LeadCreation.Lead_InfoCall">
    <skipped/>
  </testcase> <!-- Leads_Details -->
  <testcase name="SubmitLead" time="0.002" classname="orion3_LeadCreation.Lead_InfoCall">
    <skipped/>
  </testcase> <!-- SubmitLead -->
  <testcase name="VerifyLeadInAdmisssionManager" time="0.0" classname="orion3_LeadCreation.Lead_InfoCall">
    <skipped/>
  </testcase> <!-- VerifyLeadInAdmisssionManager -->
</testsuite> <!-- Default test -->
