<html>
<head>
<title>TestNG:  KUPortal_TopNavigation(failed)</title>
<link href="../testng.css" rel="stylesheet" type="text/css" />
<link href="../my-testng.css" rel="stylesheet" type="text/css" />

<style type="text/css">
.log { display: none;} 
.stack-trace { display: none;} 
</style>
<script type="text/javascript">
<!--
function flip(e) {
  current = e.style.display;
  if (current == 'block') {
    e.style.display = 'none';
    return 0;
  }
  else {
    e.style.display = 'block';
    return 1;
  }
}

function toggleBox(szDivId, elem, msg1, msg2)
{
  var res = -1;  if (document.getElementById) {
    res = flip(document.getElementById(szDivId));
  }
  else if (document.all) {
    // this is the way old msie versions work
    res = flip(document.all[szDivId]);
  }
  if(elem) {
    if(res == 0) elem.innerHTML = msg1; else elem.innerHTML = msg2;
  }

}

function toggleAllBoxes() {
  if (document.getElementsByTagName) {
    d = document.getElementsByTagName('div');
    for (i = 0; i < d.length; i++) {
      if (d[i].className == 'log') {
        flip(d[i]);
      }
    }
  }
}

// -->
</script>

</head>
<body>
<h2 align='center'>KUPortal_TopNavigation(failed)</h2><table border='1' align="center">
<tr>
<td>Tests passed/Failed/Skipped:</td><td>0/1/0</td>
</tr><tr>
<td>Started on:</td><td>Mon Nov 24 12:54:51 IST 2014</td>
</tr>
<tr><td>Total time:</td><td>22 seconds (22027 ms)</td>
</tr><tr>
<td>Included groups:</td><td></td>
</tr><tr>
<td>Excluded groups:</td><td></td>
</tr>
</table><p/>
<small><i>(Hover the method name to see the test class name)</i></small><p/>
<table width='100%' border='1' class='invocation-failed'>
<tr><td colspan='4' align='center'><b>FAILED TESTS</b></td></tr>
<tr><td><b>Test method</b></td>
<td width="30%"><b>Exception</b></td>
<td width="10%"><b>Time (seconds)</b></td>
<td><b>Instance</b></td>
</tr>
<tr>
<td title='KuPortal.Test_LandingPage.LinkReference_LandingPage()'><b>LinkReference_LandingPage</b><br>Test class: KuPortal.Test_LandingPage<br/>
<a href="#Output-20894486" onClick='toggleBox("Output-20894486", this, "Show output", "Hide output");'>Show output</a>

<a href="#Output-20894486" onClick="toggleAllBoxes();">Show all outputs</a>
<div class='log' id="Output-20894486">
[2014.11.24]'[12:54:59]     Pass: Out of school and need to make a payment?  link reference is correct<br/>
[2014.11.24]'[12:54:59]     Pass: All Programs link reference is correct<br/>
[2014.11.24]'[12:54:59]     Pass: Apply link reference is correct<br/>
[2014.11.24]'[12:55:00]     Pass: About Kaplan University link reference is correct<br/>
[2014.11.24]'[12:55:00]     Pass: Tuition and Financial Aid link reference is correct<br/>
[2014.11.24]'[12:55:01]     Pass: Mission link reference is correct<br/>
[2014.11.24]'[12:55:01]     Pass: Press Room link reference is correct<br/>
[2014.11.24]'[12:55:02]     Pass: Contact Us link reference is correct<br/>
[2014.11.24]'[12:55:03]     Pass: Join Our Faculty link reference is correct<br/>
[2014.11.24]'[12:55:04]     Fail: Expected: Business Acutal: null Message:  link not found on Landing Page.<br/>
[2014.11.24]'[12:55:05]     Pass: Education link reference is correct<br/>
[2014.11.24]'[12:55:05]     Pass: Health Sciences link reference is correct<br/>
[2014.11.24]'[12:55:06]     Fail: Expected: Information Technology Acutal: null Message:  link not found on Landing Page.<br/>
[2014.11.24]'[12:55:07]     Pass: Nursing link reference is correct<br/>
[2014.11.24]'[12:55:08]     Pass: Professional and Continuing Education link reference is correct<br/>
[2014.11.24]'[12:55:09]     Pass: Social and Behavioral Sciences link reference is correct<br/>
[2014.11.24]'[12:55:11]     Pass: TTY link reference is correct<br/>
[2014.11.24]'[12:55:12]     Pass: Request Information link reference is correct<br/>
LinkReference_LandingPage Send Mail<br/>
Failure Count is not 0. Please check the Reporter log for failed items expected [0] but found [2] Send Mail<br/>
</div>
</td>
<td><div><pre>java.lang.AssertionError: Failure Count is not 0. Please check the Reporter log for failed items expected [0] but found [2]
	at KuPortal.Test_LandingPage.LinkReference_LandingPage(Unknown Source)
... Removed 27 stack frames</pre></div><a href='#' onClick='toggleBox("stack-trace20894486", this, "Click to show all stack frames", "Click to hide stack frames")'>Click to show all stack frames</a>
<div class='stack-trace' id='stack-trace20894486'><pre>java.lang.AssertionError: Failure Count is not 0. Please check the Reporter log for failed items expected [0] but found [2]
	at org.testng.Assert.fail(Assert.java:94)
	at org.testng.Assert.failNotEquals(Assert.java:494)
	at org.testng.Assert.assertEquals(Assert.java:123)
	at org.testng.Assert.assertEquals(Assert.java:370)
	at KuPortal.Test_LandingPage.LinkReference_LandingPage(Unknown Source)
	at sun.reflect.NativeMethodAccessorImpl.invoke0(Native Method)
	at sun.reflect.NativeMethodAccessorImpl.invoke(NativeMethodAccessorImpl.java:62)
	at sun.reflect.DelegatingMethodAccessorImpl.invoke(DelegatingMethodAccessorImpl.java:43)
	at java.lang.reflect.Method.invoke(Method.java:483)
	at org.testng.internal.MethodInvocationHelper.invokeMethod(MethodInvocationHelper.java:84)
	at org.testng.internal.Invoker.invokeMethod(Invoker.java:714)
	at org.testng.internal.Invoker.invokeTestMethod(Invoker.java:901)
	at org.testng.internal.Invoker.invokeTestMethods(Invoker.java:1231)
	at org.testng.internal.TestMethodWorker.invokeTestMethods(TestMethodWorker.java:127)
	at org.testng.internal.TestMethodWorker.run(TestMethodWorker.java:111)
	at org.testng.TestRunner.privateRun(TestRunner.java:767)
	at org.testng.TestRunner.run(TestRunner.java:617)
	at org.testng.SuiteRunner.runTest(SuiteRunner.java:334)
	at org.testng.SuiteRunner.runSequentially(SuiteRunner.java:329)
	at org.testng.SuiteRunner.privateRun(SuiteRunner.java:291)
	at org.testng.SuiteRunner.run(SuiteRunner.java:240)
	at org.testng.SuiteRunnerWorker.runSuite(SuiteRunnerWorker.java:52)
	at org.testng.SuiteRunnerWorker.run(SuiteRunnerWorker.java:86)
	at org.testng.TestNG.runSuitesSequentially(TestNG.java:1224)
	at org.testng.TestNG.runSuitesLocally(TestNG.java:1149)
	at org.testng.TestNG.run(TestNG.java:1057)
	at org.testng.TestNG.privateMain(TestNG.java:1364)
	at org.testng.TestNG.main(TestNG.java:1333)
</pre></div></td>
<td>13</td>
<td>KuPortal.Test_LandingPage@dbe50f</td></tr>
</table><p>
</body>
</html>