<?xml version="1.0" encoding="UTF-8"?>
<!-- Generated by org.testng.reporters.JUnitXMLReporter -->
<testsuite hostname="G-0439" name="Orion3_Navigation_FireFox" tests="6" failures="1" timestamp="26 Jun 2015 08:00:28 GMT" time="1224.968" errors="0">
  <testcase name="BrowseToAddNewLeadPage" time="10.029" classname="orion3_LeadCreation.Lead_InfoCall"/>
  <testcase name="Leads_ClassificationDetails" time="2.18" classname="orion3_LeadCreation.Lead_InfoCall"/>
  <testcase name="Leads_ProgramOfInterest" time="2.349" classname="orion3_LeadCreation.Lead_InfoCall"/>
  <testcase name="Leads_Details" time="3.629" classname="orion3_LeadCreation.Lead_InfoCall"/>
  <testcase name="SubmitLead" time="2.752" classname="orion3_LeadCreation.Lead_InfoCall"/>
  <testcase name="VerifyLeadInAdmisssionManager" time="1128.003" classname="orion3_LeadCreation.Lead_InfoCall">
    <failure type="org.openqa.selenium.ElementNotVisibleException" message="Element is not currently visible and so may not be interacted with
Build info: version: &amp;apos;2.44.0&amp;apos;, revision: &amp;apos;76d78cf&amp;apos;, time: &amp;apos;2014-10-23 20:02:37&amp;apos;
System info: host: &amp;apos;G-0439&amp;apos;, ip: &amp;apos;10.163.105.52&amp;apos;, os.name: &amp;apos;Windows 7&amp;apos;, os.arch: &amp;apos;x86&amp;apos;, os.version: &amp;apos;6.1&amp;apos;, java.version: &amp;apos;1.7.0_80&amp;apos;
Driver info: driver.version: unknown
Command duration or timeout: 1006.62 seconds
Build info: version: &amp;apos;2.44.0&amp;apos;, revision: &amp;apos;76d78cf&amp;apos;, time: &amp;apos;2014-10-23 20:02:37&amp;apos;
System info: host: &amp;apos;G-0439&amp;apos;, ip: &amp;apos;10.163.105.52&amp;apos;, os.name: &amp;apos;Windows 7&amp;apos;, os.arch: &amp;apos;x86&amp;apos;, os.version: &amp;apos;6.1&amp;apos;, java.version: &amp;apos;1.7.0_80&amp;apos;
Session ID: d9bb6417-82d9-49bd-be1b-66c1f899bec1
Driver info: org.openqa.selenium.remote.RemoteWebDriver
Capabilities [{platform=WINDOWS, javascriptEnabled=true, acceptSslCerts=true, browserName=firefox, rotatable=false, locationContextEnabled=true, webdriver.remote.sessionid=d9bb6417-82d9-49bd-be1b-66c1f899bec1, version=35.0.1, databaseEnabled=true, cssSelectorsEnabled=true, handlesAlerts=true, webStorageEnabled=true, nativeEvents=false, applicationCacheEnabled=true, takesScreenshot=true}]">
      <![CDATA[org.openqa.selenium.ElementNotVisibleException: Element is not currently visible and so may not be interacted with
Build info: version: '2.44.0', revision: '76d78cf', time: '2014-10-23 20:02:37'
System info: host: 'G-0439', ip: '10.163.105.52', os.name: 'Windows 7', os.arch: 'x86', os.version: '6.1', java.version: '1.7.0_80'
Driver info: driver.version: unknown
Command duration or timeout: 1006.62 seconds
Build info: version: '2.44.0', revision: '76d78cf', time: '2014-10-23 20:02:37'
System info: host: 'G-0439', ip: '10.163.105.52', os.name: 'Windows 7', os.arch: 'x86', os.version: '6.1', java.version: '1.7.0_80'
Session ID: d9bb6417-82d9-49bd-be1b-66c1f899bec1
Driver info: org.openqa.selenium.remote.RemoteWebDriver
Capabilities [{platform=WINDOWS, javascriptEnabled=true, acceptSslCerts=true, browserName=firefox, rotatable=false, locationContextEnabled=true, webdriver.remote.sessionid=d9bb6417-82d9-49bd-be1b-66c1f899bec1, version=35.0.1, databaseEnabled=true, cssSelectorsEnabled=true, handlesAlerts=true, webStorageEnabled=true, nativeEvents=false, applicationCacheEnabled=true, takesScreenshot=true}]
	at org.openqa.selenium.remote.ErrorHandler.createThrowable(ErrorHandler.java:204)
	at org.openqa.selenium.remote.ErrorHandler.throwIfResponseFailed(ErrorHandler.java:156)
	at org.openqa.selenium.remote.RemoteWebDriver.execute(RemoteWebDriver.java:599)
	at org.openqa.selenium.remote.RemoteWebElement.execute(RemoteWebElement.java:268)
	at org.openqa.selenium.remote.RemoteWebElement.click(RemoteWebElement.java:79)
	at org.openqa.selenium.support.pagefactory.internal.LocatingElementHandler.invoke(LocatingElementHandler.java:50)
	at com.sun.proxy.$Proxy9.click(Unknown Source)
	at uiMap_Orion3.HomePageObjects.ClickAdmissionsManager(HomePageObjects.java:410)
	at orion3_LeadCreation.Lead_InfoCall.VerifyLeadInAdmisssionManager(Lead_InfoCall.java:287)
Caused by: org.openqa.selenium.remote.ScreenshotException: Screen shot has been taken
Build info: version: '2.44.0', revision: '76d78cf', time: '2014-10-23 20:02:37'
System info: host: 'G-0439', ip: '10.163.105.52', os.name: 'Windows 7', os.arch: 'x86', os.version: '6.1', java.version: '1.7.0_80'
Driver info: driver.version: RemoteWebDriver
	at org.openqa.selenium.remote.ErrorHandler.throwIfResponseFailed(ErrorHandler.java:136)
	... 35 more
Caused by: org.openqa.selenium.ElementNotVisibleException: Element is not currently visible and so may not be interacted with
Build info: version: '2.44.0', revision: '76d78cf', time: '2014-10-23 20:02:37'
System info: host: 'G-0439', ip: '10.163.105.52', os.name: 'Windows 7', os.arch: 'x86', os.version: '6.1', java.version: '1.7.0_80'
Driver info: driver.version: unknown
Build info: version: '2.44.0', revision: '76d78cf', time: '2014-10-23 20:02:37'
System info: host: 'G-0439', ip: '10.163.105.52', os.name: 'Windows 7', os.arch: 'x86', os.version: '6.1', java.version: '1.7.0_80'
Driver info: driver.version: unknown
	at <anonymous class>.fxdriver.preconditions.visible(file:///C:/Users/RAVIND~1.KUM/AppData/Local/Temp/anonymous9187746883764503078webdriver-profile/extensions/fxdriver@googlecode.com/components/command-processor.js:8959:12)
	at <anonymous class>.DelayedCommand.prototype.checkPreconditions_(file:///C:/Users/RAVIND~1.KUM/AppData/Local/Temp/anonymous9187746883764503078webdriver-profile/extensions/fxdriver@googlecode.com/components/command-processor.js:11618:15)
	at <anonymous class>.DelayedCommand.prototype.executeInternal_/h(file:///C:/Users/RAVIND~1.KUM/AppData/Local/Temp/anonymous9187746883764503078webdriver-profile/extensions/fxdriver@googlecode.com/components/command-processor.js:11635:11)
	at <anonymous class>.fxdriver.Timer.prototype.setTimeout/<.notify(file:///C:/Users/RAVIND~1.KUM/AppData/Local/Temp/anonymous9187746883764503078webdriver-profile/extensions/fxdriver@googlecode.com/components/command-processor.js:548:5)
... Removed 32 stack frames]]>
    </failure>
  </testcase> <!-- VerifyLeadInAdmisssionManager -->
</testsuite> <!-- Orion3_Navigation_FireFox -->
