<?xml version="1.0" encoding="UTF-8"?>
<!-- Generated by org.testng.reporters.JUnitReportReporter -->
<testsuite hostname="G-0439" name="orion3_LeadCreation.StudentManager" tests="7" failures="1" timestamp="18 Jun 2015 09:08:45 GMT" time="132.471" errors="1">
  <testcase name="Leads_ClassificationDetails" time="2.635" classname="orion3_LeadCreation.StudentManager"/>
  <testcase name="Leads_ProgramOfInterest" time="2.070" classname="orion3_LeadCreation.StudentManager"/>
  <testcase name="BrowseToAddNewLeadPage" time="5.390" classname="orion3_LeadCreation.StudentManager"/>
  <testcase name="SubmitLead" time="2.174" classname="orion3_LeadCreation.StudentManager"/>
  <testcase name="Leads_Details" time="2.412" classname="orion3_LeadCreation.StudentManager"/>
  <testcase name="ContactInformationTabDetails" time="0.000" classname="orion3_LeadCreation.StudentManager">
    <failure type="org.openqa.selenium.TimeoutException" message="Timed out waiting for page load.
Build info: version: &#039;2.44.0&#039;, revision: &#039;76d78cf&#039;, time: &#039;2014-10-23 20:02:37&#039;
System info: host: &#039;G-0439&#039;, ip: &#039;10.163.105.52&#039;, os.name: &#039;Windows 7&#039;, os.arch: &#039;x86&#039;, os.version: &#039;6.1&#039;, java.version: &#039;1.7.0_80&#039;
Driver info: driver.version: unknown
Command duration or timeout: 1801.42 seconds
Build info: version: &#039;2.44.0&#039;, revision: &#039;76d78cf&#039;, time: &#039;2014-10-23 20:02:37&#039;
System info: host: &#039;G-0439&#039;, ip: &#039;10.163.105.52&#039;, os.name: &#039;Windows 7&#039;, os.arch: &#039;x86&#039;, os.version: &#039;6.1&#039;, java.version: &#039;1.7.0_80&#039;
Session ID: 6b135050-fadc-4704-9393-d3ff284fbc79
Driver info: org.openqa.selenium.remote.RemoteWebDriver
Capabilities [{platform=WINDOWS, javascriptEnabled=true, acceptSslCerts=true, browserName=firefox, rotatable=false, locationContextEnabled=true, webdriver.remote.sessionid=6b135050-fadc-4704-9393-d3ff284fbc79, version=35.0.1, databaseEnabled=true, cssSelectorsEnabled=true, handlesAlerts=true, webStorageEnabled=true, nativeEvents=false, applicationCacheEnabled=true, takesScreenshot=true}]">
      <![CDATA[org.openqa.selenium.TimeoutException: Timed out waiting for page load.
Build info: version: '2.44.0', revision: '76d78cf', time: '2014-10-23 20:02:37'
System info: host: 'G-0439', ip: '10.163.105.52', os.name: 'Windows 7', os.arch: 'x86', os.version: '6.1', java.version: '1.7.0_80'
Driver info: driver.version: unknown
Command duration or timeout: 1801.42 seconds
Build info: version: '2.44.0', revision: '76d78cf', time: '2014-10-23 20:02:37'
System info: host: 'G-0439', ip: '10.163.105.52', os.name: 'Windows 7', os.arch: 'x86', os.version: '6.1', java.version: '1.7.0_80'
Session ID: 6b135050-fadc-4704-9393-d3ff284fbc79
Driver info: org.openqa.selenium.remote.RemoteWebDriver
Capabilities [{platform=WINDOWS, javascriptEnabled=true, acceptSslCerts=true, browserName=firefox, rotatable=false, locationContextEnabled=true, webdriver.remote.sessionid=6b135050-fadc-4704-9393-d3ff284fbc79, version=35.0.1, databaseEnabled=true, cssSelectorsEnabled=true, handlesAlerts=true, webStorageEnabled=true, nativeEvents=false, applicationCacheEnabled=true, takesScreenshot=true}]
	at sun.reflect.NativeConstructorAccessorImpl.newInstance0(Native Method)
	at sun.reflect.NativeConstructorAccessorImpl.newInstance(Unknown Source)
	at sun.reflect.DelegatingConstructorAccessorImpl.newInstance(Unknown Source)
	at java.lang.reflect.Constructor.newInstance(Unknown Source)
	at org.openqa.selenium.remote.ErrorHandler.createThrowable(ErrorHandler.java:204)
	at org.openqa.selenium.remote.ErrorHandler.throwIfResponseFailed(ErrorHandler.java:156)
	at org.openqa.selenium.remote.RemoteWebDriver.execute(RemoteWebDriver.java:599)
	at org.openqa.selenium.remote.RemoteWebDriver.get(RemoteWebDriver.java:304)
	at orion3_Navigation.OpsAdminTab.BeforeNavigation(OpsAdminTab.java:93)
	at sun.reflect.NativeMethodAccessorImpl.invoke0(Native Method)
	at sun.reflect.NativeMethodAccessorImpl.invoke(Unknown Source)
	at sun.reflect.DelegatingMethodAccessorImpl.invoke(Unknown Source)
	at java.lang.reflect.Method.invoke(Unknown Source)
	at org.testng.internal.MethodInvocationHelper.invokeMethod(MethodInvocationHelper.java:84)
	at org.testng.internal.Invoker.invokeConfigurationMethod(Invoker.java:564)
	at org.testng.internal.Invoker.invokeConfigurations(Invoker.java:213)
	at org.testng.internal.Invoker.invokeConfigurations(Invoker.java:138)
	at org.testng.internal.TestMethodWorker.invokeBeforeClassMethods(TestMethodWorker.java:175)
	at org.testng.internal.TestMethodWorker.run(TestMethodWorker.java:107)
	at org.testng.TestRunner.privateRun(TestRunner.java:767)
	at org.testng.TestRunner.run(TestRunner.java:617)
	at org.testng.SuiteRunner.runTest(SuiteRunner.java:334)
	at org.testng.SuiteRunner.runSequentially(SuiteRunner.java:329)
	at org.testng.SuiteRunner.privateRun(SuiteRunner.java:291)
	at org.testng.SuiteRunner.run(SuiteRunner.java:240)
	at org.testng.SuiteRunnerWorker.runSuite(SuiteRunnerWorker.java:52)
	at org.testng.SuiteRunnerWorker.run(SuiteRunnerWorker.java:86)
	at org.testng.TestNG.runSuitesSequentially(TestNG.java:1224)
	at org.testng.TestNG.runSuitesLocally(TestNG.java:1149)
	at org.testng.TestNG.run(TestNG.java:1057)
	at org.testng.remote.RemoteTestNG.run(RemoteTestNG.java:111)
	at org.testng.remote.RemoteTestNG.initAndRun(RemoteTestNG.java:204)
	at org.testng.remote.RemoteTestNG.main(RemoteTestNG.java:175)
Caused by: org.openqa.selenium.remote.ScreenshotException: Screen shot has been taken
Build info: version: '2.44.0', revision: '76d78cf', time: '2014-10-23 20:02:37'
System info: host: 'G-0439', ip: '10.163.105.52', os.name: 'Windows 7', os.arch: 'x86', os.version: '6.1', java.version: '1.7.0_80'
Driver info: driver.version: RemoteWebDriver
	at org.openqa.selenium.remote.ErrorHandler.throwIfResponseFailed(ErrorHandler.java:136)
	... 27 more
Caused by: org.openqa.selenium.TimeoutException: Timed out waiting for page load.
Build info: version: '2.44.0', revision: '76d78cf', time: '2014-10-23 20:02:37'
System info: host: 'G-0439', ip: '10.163.105.52', os.name: 'Windows 7', os.arch: 'x86', os.version: '6.1', java.version: '1.7.0_80'
Driver info: driver.version: unknown
Build info: version: '2.44.0', revision: '76d78cf', time: '2014-10-23 20:02:37'
System info: host: 'G-0439', ip: '10.163.105.52', os.name: 'Windows 7', os.arch: 'x86', os.version: '6.1', java.version: '1.7.0_80'
Driver info: driver.version: unknown
	at <anonymous class>.Utils.initWebLoadingListener/<(file:///C:/Users/RAVIND~1.KUM/AppData/Local/Temp/anonymous8454203902821600278webdriver-profile/extensions/fxdriver@googlecode.com/components/driver-component.js:7974:56)
	at <anonymous class>.WebLoadingListener/e(file:///C:/Users/RAVIND~1.KUM/AppData/Local/Temp/anonymous8454203902821600278webdriver-profile/extensions/fxdriver@googlecode.com/components/driver-component.js:4120:7)
	at <anonymous class>.WebLoadingListener/<(file:///C:/Users/RAVIND~1.KUM/AppData/Local/Temp/anonymous8454203902821600278webdriver-profile/extensions/fxdriver@googlecode.com/components/driver-component.js:4128:7)
	at <anonymous class>.fxdriver.Timer.prototype.setTimeout/<.notify(file:///C:/Users/RAVIND~1.KUM/AppData/Local/Temp/anonymous8454203902821600278webdriver-profile/extensions/fxdriver@googlecode.com/components/driver-component.js:548:5)
	at <anonymous class>.openModalWindow(resource://gre/components/nsPrompter.js:369:5)
	at <anonymous class>.ModalPrompter.prototype.openPrompt(resource://gre/components/nsPrompter.js:552:9)
	at <anonymous class>.ModalPrompter.prototype.nsIPrompt_promptUsernameAndPassword(resource://gre/components/nsPrompter.js:746:9)
	at <anonymous class>.ModalPrompter.prototype.promptAuth(resource://gre/components/nsPrompter.js:845:18)
	at <anonymous class>.Prompter.prototype.promptAuth(resource://gre/components/nsPrompter.js:107:16)
	at <anonymous class>.LoginManagerPrompter.prototype.promptAuth(resource://gre/components/nsLoginManagerPrompter.js:581:18)
	at <anonymous class>.LoginManagerPromptFactory.prototype._doAsyncPrompt/runnable.run(resource://gre/components/nsLoginManagerPrompter.js:97:26)
]]>
    </failure>
  </testcase> <!-- ContactInformationTabDetails -->
  <testcase name="VerifyLeadInAdmisssionManager" time="117.790" classname="orion3_LeadCreation.StudentManager">
    <error type="java.lang.AssertionError" message="Lead not found at the top of the new leads table expected [TestNGLNInfoCall_RkGDj, ] but found [TestNGLNLiveChat_xWUTvN, TestNGFNLiveChat_xWUTvN]">
      <![CDATA[java.lang.AssertionError: Lead not found at the top of the new leads table expected [TestNGLNInfoCall_RkGDj, ] but found [TestNGLNLiveChat_xWUTvN, TestNGFNLiveChat_xWUTvN]
	at org.testng.Assert.fail(Assert.java:94)
	at org.testng.Assert.failNotEquals(Assert.java:494)
	at org.testng.Assert.assertEquals(Assert.java:123)
	at org.testng.Assert.assertEquals(Assert.java:176)
	at orion3_LeadCreation.StudentManager.VerifyLeadInAdmisssionManager(StudentManager.java:286)
	at sun.reflect.NativeMethodAccessorImpl.invoke0(Native Method)
	at sun.reflect.NativeMethodAccessorImpl.invoke(Unknown Source)
	at sun.reflect.DelegatingMethodAccessorImpl.invoke(Unknown Source)
	at java.lang.reflect.Method.invoke(Unknown Source)
	at org.testng.internal.MethodInvocationHelper.invokeMethod(MethodInvocationHelper.java:84)
	at org.testng.internal.Invoker.invokeMethod(Invoker.java:714)
	at org.testng.internal.Invoker.invokeTestMethod(Invoker.java:901)
	at org.testng.internal.Invoker.invokeTestMethods(Invoker.java:1231)
	at org.testng.internal.TestMethodWorker.invokeTestMethods(TestMethodWorker.java:127)
	at org.testng.internal.TestMethodWorker.run(TestMethodWorker.java:111)
	at org.testng.TestRunner.privateRun(TestRunner.java:767)
	at org.testng.TestRunner.run(TestRunner.java:617)
	at org.testng.SuiteRunner.runTest(SuiteRunner.java:334)
	at org.testng.SuiteRunner.runSequentially(SuiteRunner.java:329)
	at org.testng.SuiteRunner.privateRun(SuiteRunner.java:291)
	at org.testng.SuiteRunner.run(SuiteRunner.java:240)
	at org.testng.SuiteRunnerWorker.runSuite(SuiteRunnerWorker.java:52)
	at org.testng.SuiteRunnerWorker.run(SuiteRunnerWorker.java:86)
	at org.testng.TestNG.runSuitesSequentially(TestNG.java:1224)
	at org.testng.TestNG.runSuitesLocally(TestNG.java:1149)
	at org.testng.TestNG.run(TestNG.java:1057)
	at org.testng.remote.RemoteTestNG.run(RemoteTestNG.java:111)
	at org.testng.remote.RemoteTestNG.initAndRun(RemoteTestNG.java:204)
	at org.testng.remote.RemoteTestNG.main(RemoteTestNG.java:175)
]]>
    </error>
  </testcase> <!-- VerifyLeadInAdmisssionManager -->
</testsuite> <!-- orion3_LeadCreation.StudentManager -->
