<html>
<head>
<title>TestNG:  Orion1CLS_firefox</title>
<link href="../testng.css" rel="stylesheet" type="text/css" />
<link href="../my-testng.css" rel="stylesheet" type="text/css" />

<style type="text/css">
.log { display: none;} 
.stack-trace { display: none;} 
</style>
<script type="text/javascript">
<!--
function flip(e) {
  current = e.style.display;
  if (current == 'block') {
    e.style.display = 'none';
    return 0;
  }
  else {
    e.style.display = 'block';
    return 1;
  }
}

function toggleBox(szDivId, elem, msg1, msg2)
{
  var res = -1;  if (document.getElementById) {
    res = flip(document.getElementById(szDivId));
  }
  else if (document.all) {
    // this is the way old msie versions work
    res = flip(document.all[szDivId]);
  }
  if(elem) {
    if(res == 0) elem.innerHTML = msg1; else elem.innerHTML = msg2;
  }

}

function toggleAllBoxes() {
  if (document.getElementsByTagName) {
    d = document.getElementsByTagName('div');
    for (i = 0; i < d.length; i++) {
      if (d[i].className == 'log') {
        flip(d[i]);
      }
    }
  }
}

// -->
</script>

</head>
<body>
<h2 align='center'>Orion1CLS_firefox</h2><table border='1' align="center">
<tr>
<td>Tests passed/Failed/Skipped:</td><td>98/3/0</td>
</tr><tr>
<td>Started on:</td><td>Thu Jun 11 12:12:28 IST 2015</td>
</tr>
<tr><td>Total time:</td><td>1004 seconds (1004539 ms)</td>
</tr><tr>
<td>Included groups:</td><td></td>
</tr><tr>
<td>Excluded groups:</td><td></td>
</tr>
</table><p/>
<small><i>(Hover the method name to see the test class name)</i></small><p/>
<table width='100%' border='1' class='invocation-failed'>
<tr><td colspan='4' align='center'><b>FAILED TESTS</b></td></tr>
<tr><td><b>Test method</b></td>
<td width="30%"><b>Exception</b></td>
<td width="10%"><b>Time (seconds)</b></td>
<td><b>Instance</b></td>
</tr>
<tr>
<td title='Orion1_Navigation.Admissions.VerifyAdmissionsManagerPage()'><b>VerifyAdmissionsManagerPage</b><br>Test class: Orion1_Navigation.Admissions</td>
<td><div><pre>org.openqa.selenium.NoSuchElementException: Unable to locate element: {&quot;method&quot;:&quot;xpath&quot;,&quot;selector&quot;:&quot;.//*[@id=&apos;tabnavi_TabRow&apos;]/td[18]/a/img&quot;}
For documentation on this error, please visit: http://seleniumhq.org/exceptions/no_such_element.html
Build info: version: &apos;2.44.0&apos;, revision: &apos;76d78cf&apos;, time: &apos;2014-10-23 20:02:37&apos;
System info: host: &apos;G-0439&apos;, ip: &apos;10.163.105.52&apos;, os.name: &apos;Windows 7&apos;, os.arch: &apos;x86&apos;, os.version: &apos;6.1&apos;, java.version: &apos;1.7.0_80&apos;
Driver info: driver.version: unknown
Command duration or timeout: 45.43 seconds
For documentation on this error, please visit: http://seleniumhq.org/exceptions/no_such_element.html
Build info: version: &apos;2.44.0&apos;, revision: &apos;76d78cf&apos;, time: &apos;2014-10-23 20:03:00&apos;
System info: host: &apos;G-0439&apos;, ip: &apos;10.163.105.52&apos;, os.name: &apos;Windows 7&apos;, os.arch: &apos;x86&apos;, os.version: &apos;6.1&apos;, java.version: &apos;1.7.0_80&apos;
Session ID: a2dc6538-a642-4bc4-86ca-baf44ba11af2
Driver info: org.openqa.selenium.remote.RemoteWebDriver
Capabilities [{platform=WINDOWS, javascriptEnabled=true, acceptSslCerts=true, browserName=firefox, rotatable=false, locationContextEnabled=true, webdriver.remote.sessionid=a2dc6538-a642-4bc4-86ca-baf44ba11af2, version=35.0.1, databaseEnabled=true, cssSelectorsEnabled=true, handlesAlerts=true, webStorageEnabled=true, nativeEvents=false, applicationCacheEnabled=true, takesScreenshot=true}]
	at org.openqa.selenium.remote.ErrorHandler.createThrowable(ErrorHandler.java:204)
	at org.openqa.selenium.remote.ErrorHandler.throwIfResponseFailed(ErrorHandler.java:156)
	at org.openqa.selenium.remote.RemoteWebDriver.execute(RemoteWebDriver.java:599)
	at org.openqa.selenium.remote.RemoteWebDriver.findElement(RemoteWebDriver.java:352)
	at org.openqa.selenium.remote.RemoteWebDriver.findElementByXPath(RemoteWebDriver.java:449)
	at org.openqa.selenium.By$ByXPath.findElement(By.java:357)
	at org.openqa.selenium.remote.RemoteWebDriver.findElement(RemoteWebDriver.java:344)
	at org.openqa.selenium.support.pagefactory.DefaultElementLocator.findElement(DefaultElementLocator.java:59)
	at org.openqa.selenium.support.pagefactory.internal.LocatingElementHandler.invoke(LocatingElementHandler.java:37)
	at com.sun.proxy.$Proxy9.isDisplayed(Unknown Source)
	at Orion1_Navigation.Admissions.VerifyAdmissionsManagerPage(Admissions.java:226)
Caused by: org.openqa.selenium.remote.ScreenshotException: Screen shot has been taken
Build info: version: &apos;2.44.0&apos;, revision: &apos;76d78cf&apos;, time: &apos;2014-10-23 20:03:00&apos;
System info: host: &apos;G-0439&apos;, ip: &apos;10.163.105.52&apos;, os.name: &apos;Windows 7&apos;, os.arch: &apos;x86&apos;, os.version: &apos;6.1&apos;, java.version: &apos;1.7.0_80&apos;
Driver info: driver.version: RemoteWebDriver
	at org.openqa.selenium.remote.ErrorHandler.throwIfResponseFailed(ErrorHandler.java:136)
	... 33 more
Caused by: org.openqa.selenium.NoSuchElementException: Unable to locate element: {&quot;method&quot;:&quot;xpath&quot;,&quot;selector&quot;:&quot;.//*[@id=&apos;tabnavi_TabRow&apos;]/td[18]/a/img&quot;}
For documentation on this error, please visit: http://seleniumhq.org/exceptions/no_such_element.html
Build info: version: &apos;2.44.0&apos;, revision: &apos;76d78cf&apos;, time: &apos;2014-10-23 20:02:37&apos;
System info: host: &apos;G-0439&apos;, ip: &apos;10.163.105.52&apos;, os.name: &apos;Windows 7&apos;, os.arch: &apos;x86&apos;, os.version: &apos;6.1&apos;, java.version: &apos;1.7.0_80&apos;
Driver info: driver.version: unknown
For documentation on this error, please visit: http://seleniumhq.org/exceptions/no_such_element.html
Build info: version: &apos;2.44.0&apos;, revision: &apos;76d78cf&apos;, time: &apos;2014-10-23 20:03:00&apos;
System info: host: &apos;G-0439&apos;, ip: &apos;10.163.105.52&apos;, os.name: &apos;Windows 7&apos;, os.arch: &apos;x86&apos;, os.version: &apos;6.1&apos;, java.version: &apos;1.7.0_80&apos;
Driver info: driver.version: unknown
	at &lt;anonymous class&gt;.FirefoxDriver.prototype.findElementInternal_(file:///C:/Users/RAVIND~1.KUM/AppData/Local/Temp/anonymous2177180889062541870webdriver-profile/extensions/fxdriver@googlecode.com/components/driver-component.js:9641:26)
	at &lt;anonymous class&gt;.fxdriver.Timer.prototype.setTimeout/&lt;.notify(file:///C:/Users/RAVIND~1.KUM/AppData/Local/Temp/anonymous2177180889062541870webdriver-profile/extensions/fxdriver@googlecode.com/components/driver-component.js:548:5)
... Removed 28 stack frames</pre></div><a href='#' onClick='toggleBox("stack-trace25189339", this, "Click to show all stack frames", "Click to hide stack frames")'>Click to show all stack frames</a>
<div class='stack-trace' id='stack-trace25189339'><pre>org.openqa.selenium.NoSuchElementException: Unable to locate element: {&quot;method&quot;:&quot;xpath&quot;,&quot;selector&quot;:&quot;.//*[@id=&apos;tabnavi_TabRow&apos;]/td[18]/a/img&quot;}
For documentation on this error, please visit: http://seleniumhq.org/exceptions/no_such_element.html
Build info: version: &apos;2.44.0&apos;, revision: &apos;76d78cf&apos;, time: &apos;2014-10-23 20:02:37&apos;
System info: host: &apos;G-0439&apos;, ip: &apos;10.163.105.52&apos;, os.name: &apos;Windows 7&apos;, os.arch: &apos;x86&apos;, os.version: &apos;6.1&apos;, java.version: &apos;1.7.0_80&apos;
Driver info: driver.version: unknown
Command duration or timeout: 45.43 seconds
For documentation on this error, please visit: http://seleniumhq.org/exceptions/no_such_element.html
Build info: version: &apos;2.44.0&apos;, revision: &apos;76d78cf&apos;, time: &apos;2014-10-23 20:03:00&apos;
System info: host: &apos;G-0439&apos;, ip: &apos;10.163.105.52&apos;, os.name: &apos;Windows 7&apos;, os.arch: &apos;x86&apos;, os.version: &apos;6.1&apos;, java.version: &apos;1.7.0_80&apos;
Session ID: a2dc6538-a642-4bc4-86ca-baf44ba11af2
Driver info: org.openqa.selenium.remote.RemoteWebDriver
Capabilities [{platform=WINDOWS, javascriptEnabled=true, acceptSslCerts=true, browserName=firefox, rotatable=false, locationContextEnabled=true, webdriver.remote.sessionid=a2dc6538-a642-4bc4-86ca-baf44ba11af2, version=35.0.1, databaseEnabled=true, cssSelectorsEnabled=true, handlesAlerts=true, webStorageEnabled=true, nativeEvents=false, applicationCacheEnabled=true, takesScreenshot=true}]
	at sun.reflect.NativeConstructorAccessorImpl.newInstance0(Native Method)
	at sun.reflect.NativeConstructorAccessorImpl.newInstance(Unknown Source)
	at sun.reflect.DelegatingConstructorAccessorImpl.newInstance(Unknown Source)
	at java.lang.reflect.Constructor.newInstance(Unknown Source)
	at org.openqa.selenium.remote.ErrorHandler.createThrowable(ErrorHandler.java:204)
	at org.openqa.selenium.remote.ErrorHandler.throwIfResponseFailed(ErrorHandler.java:156)
	at org.openqa.selenium.remote.RemoteWebDriver.execute(RemoteWebDriver.java:599)
	at org.openqa.selenium.remote.RemoteWebDriver.findElement(RemoteWebDriver.java:352)
	at org.openqa.selenium.remote.RemoteWebDriver.findElementByXPath(RemoteWebDriver.java:449)
	at org.openqa.selenium.By$ByXPath.findElement(By.java:357)
	at org.openqa.selenium.remote.RemoteWebDriver.findElement(RemoteWebDriver.java:344)
	at org.openqa.selenium.support.pagefactory.DefaultElementLocator.findElement(DefaultElementLocator.java:59)
	at org.openqa.selenium.support.pagefactory.internal.LocatingElementHandler.invoke(LocatingElementHandler.java:37)
	at com.sun.proxy.$Proxy9.isDisplayed(Unknown Source)
	at Orion1_Navigation.Admissions.VerifyAdmissionsManagerPage(Admissions.java:226)
	at sun.reflect.NativeMethodAccessorImpl.invoke0(Native Method)
	at sun.reflect.NativeMethodAccessorImpl.invoke(Unknown Source)
	at sun.reflect.DelegatingMethodAccessorImpl.invoke(Unknown Source)
	at java.lang.reflect.Method.invoke(Unknown Source)
	at org.testng.internal.MethodInvocationHelper.invokeMethod(MethodInvocationHelper.java:84)
	at org.testng.internal.Invoker.invokeMethod(Invoker.java:714)
	at org.testng.internal.Invoker.invokeTestMethod(Invoker.java:901)
	at org.testng.internal.Invoker.invokeTestMethods(Invoker.java:1231)
	at org.testng.internal.TestMethodWorker.invokeTestMethods(TestMethodWorker.java:127)
	at org.testng.internal.TestMethodWorker.run(TestMethodWorker.java:111)
	at org.testng.TestRunner.privateRun(TestRunner.java:767)
	at org.testng.TestRunner.run(TestRunner.java:617)
	at org.testng.SuiteRunner.runTest(SuiteRunner.java:334)
	at org.testng.SuiteRunner.runSequentially(SuiteRunner.java:329)
	at org.testng.SuiteRunner.privateRun(SuiteRunner.java:291)
	at org.testng.SuiteRunner.run(SuiteRunner.java:240)
	at org.testng.SuiteRunnerWorker.runSuite(SuiteRunnerWorker.java:52)
	at org.testng.SuiteRunnerWorker.run(SuiteRunnerWorker.java:86)
	at org.testng.TestNG.runSuitesSequentially(TestNG.java:1224)
	at org.testng.TestNG.runSuitesLocally(TestNG.java:1149)
	at org.testng.TestNG.run(TestNG.java:1057)
	at org.testng.remote.RemoteTestNG.run(RemoteTestNG.java:111)
	at org.testng.remote.RemoteTestNG.initAndRun(RemoteTestNG.java:204)
	at org.testng.remote.RemoteTestNG.main(RemoteTestNG.java:175)
Caused by: org.openqa.selenium.remote.ScreenshotException: Screen shot has been taken
Build info: version: &apos;2.44.0&apos;, revision: &apos;76d78cf&apos;, time: &apos;2014-10-23 20:03:00&apos;
System info: host: &apos;G-0439&apos;, ip: &apos;10.163.105.52&apos;, os.name: &apos;Windows 7&apos;, os.arch: &apos;x86&apos;, os.version: &apos;6.1&apos;, java.version: &apos;1.7.0_80&apos;
Driver info: driver.version: RemoteWebDriver
	at org.openqa.selenium.remote.ErrorHandler.throwIfResponseFailed(ErrorHandler.java:136)
	... 33 more
Caused by: org.openqa.selenium.NoSuchElementException: Unable to locate element: {&quot;method&quot;:&quot;xpath&quot;,&quot;selector&quot;:&quot;.//*[@id=&apos;tabnavi_TabRow&apos;]/td[18]/a/img&quot;}
For documentation on this error, please visit: http://seleniumhq.org/exceptions/no_such_element.html
Build info: version: &apos;2.44.0&apos;, revision: &apos;76d78cf&apos;, time: &apos;2014-10-23 20:02:37&apos;
System info: host: &apos;G-0439&apos;, ip: &apos;10.163.105.52&apos;, os.name: &apos;Windows 7&apos;, os.arch: &apos;x86&apos;, os.version: &apos;6.1&apos;, java.version: &apos;1.7.0_80&apos;
Driver info: driver.version: unknown
For documentation on this error, please visit: http://seleniumhq.org/exceptions/no_such_element.html
Build info: version: &apos;2.44.0&apos;, revision: &apos;76d78cf&apos;, time: &apos;2014-10-23 20:03:00&apos;
System info: host: &apos;G-0439&apos;, ip: &apos;10.163.105.52&apos;, os.name: &apos;Windows 7&apos;, os.arch: &apos;x86&apos;, os.version: &apos;6.1&apos;, java.version: &apos;1.7.0_80&apos;
Driver info: driver.version: unknown
	at &lt;anonymous class&gt;.FirefoxDriver.prototype.findElementInternal_(file:///C:/Users/RAVIND~1.KUM/AppData/Local/Temp/anonymous2177180889062541870webdriver-profile/extensions/fxdriver@googlecode.com/components/driver-component.js:9641:26)
	at &lt;anonymous class&gt;.fxdriver.Timer.prototype.setTimeout/&lt;.notify(file:///C:/Users/RAVIND~1.KUM/AppData/Local/Temp/anonymous2177180889062541870webdriver-profile/extensions/fxdriver@googlecode.com/components/driver-component.js:548:5)
</pre></div></td>
<td>45</td>
<td>Orion1_Navigation.Admissions@64a871</td></tr>
<tr>
<td title='Orion1_Navigation.Admissions.VerifyBonusTrackerLink()'><b>VerifyBonusTrackerLink</b><br>Test class: Orion1_Navigation.Admissions</td>
<td><div><pre>org.openqa.selenium.NoSuchElementException: Unable to locate element: {&quot;method&quot;:&quot;link text&quot;,&quot;selector&quot;:&quot;Bonus Tracker&quot;}
For documentation on this error, please visit: http://seleniumhq.org/exceptions/no_such_element.html
Build info: version: &apos;2.44.0&apos;, revision: &apos;76d78cf&apos;, time: &apos;2014-10-23 20:02:37&apos;
System info: host: &apos;G-0439&apos;, ip: &apos;10.163.105.52&apos;, os.name: &apos;Windows 7&apos;, os.arch: &apos;x86&apos;, os.version: &apos;6.1&apos;, java.version: &apos;1.7.0_80&apos;
Driver info: driver.version: unknown
Command duration or timeout: 45.74 seconds
For documentation on this error, please visit: http://seleniumhq.org/exceptions/no_such_element.html
Build info: version: &apos;2.44.0&apos;, revision: &apos;76d78cf&apos;, time: &apos;2014-10-23 20:03:00&apos;
System info: host: &apos;G-0439&apos;, ip: &apos;10.163.105.52&apos;, os.name: &apos;Windows 7&apos;, os.arch: &apos;x86&apos;, os.version: &apos;6.1&apos;, java.version: &apos;1.7.0_80&apos;
Session ID: a2dc6538-a642-4bc4-86ca-baf44ba11af2
Driver info: org.openqa.selenium.remote.RemoteWebDriver
Capabilities [{platform=WINDOWS, javascriptEnabled=true, acceptSslCerts=true, browserName=firefox, rotatable=false, locationContextEnabled=true, webdriver.remote.sessionid=a2dc6538-a642-4bc4-86ca-baf44ba11af2, version=35.0.1, databaseEnabled=true, cssSelectorsEnabled=true, handlesAlerts=true, webStorageEnabled=true, nativeEvents=false, applicationCacheEnabled=true, takesScreenshot=true}]
	at org.openqa.selenium.remote.ErrorHandler.createThrowable(ErrorHandler.java:204)
	at org.openqa.selenium.remote.ErrorHandler.throwIfResponseFailed(ErrorHandler.java:156)
	at org.openqa.selenium.remote.RemoteWebDriver.execute(RemoteWebDriver.java:599)
	at org.openqa.selenium.remote.RemoteWebDriver.findElement(RemoteWebDriver.java:352)
	at org.openqa.selenium.remote.RemoteWebDriver.findElementByLinkText(RemoteWebDriver.java:401)
	at org.openqa.selenium.By$ByLinkText.findElement(By.java:242)
	at org.openqa.selenium.remote.RemoteWebDriver.findElement(RemoteWebDriver.java:344)
	at org.openqa.selenium.support.pagefactory.DefaultElementLocator.findElement(DefaultElementLocator.java:59)
	at org.openqa.selenium.support.pagefactory.internal.LocatingElementHandler.invoke(LocatingElementHandler.java:37)
	at com.sun.proxy.$Proxy9.isDisplayed(Unknown Source)
	at Orion1_Navigation.Admissions.VerifyBonusTrackerLink(Admissions.java:122)
Caused by: org.openqa.selenium.remote.ScreenshotException: Screen shot has been taken
Build info: version: &apos;2.44.0&apos;, revision: &apos;76d78cf&apos;, time: &apos;2014-10-23 20:03:00&apos;
System info: host: &apos;G-0439&apos;, ip: &apos;10.163.105.52&apos;, os.name: &apos;Windows 7&apos;, os.arch: &apos;x86&apos;, os.version: &apos;6.1&apos;, java.version: &apos;1.7.0_80&apos;
Driver info: driver.version: RemoteWebDriver
	at org.openqa.selenium.remote.ErrorHandler.throwIfResponseFailed(ErrorHandler.java:136)
	... 33 more
Caused by: org.openqa.selenium.NoSuchElementException: Unable to locate element: {&quot;method&quot;:&quot;link text&quot;,&quot;selector&quot;:&quot;Bonus Tracker&quot;}
For documentation on this error, please visit: http://seleniumhq.org/exceptions/no_such_element.html
Build info: version: &apos;2.44.0&apos;, revision: &apos;76d78cf&apos;, time: &apos;2014-10-23 20:02:37&apos;
System info: host: &apos;G-0439&apos;, ip: &apos;10.163.105.52&apos;, os.name: &apos;Windows 7&apos;, os.arch: &apos;x86&apos;, os.version: &apos;6.1&apos;, java.version: &apos;1.7.0_80&apos;
Driver info: driver.version: unknown
For documentation on this error, please visit: http://seleniumhq.org/exceptions/no_such_element.html
Build info: version: &apos;2.44.0&apos;, revision: &apos;76d78cf&apos;, time: &apos;2014-10-23 20:03:00&apos;
System info: host: &apos;G-0439&apos;, ip: &apos;10.163.105.52&apos;, os.name: &apos;Windows 7&apos;, os.arch: &apos;x86&apos;, os.version: &apos;6.1&apos;, java.version: &apos;1.7.0_80&apos;
Driver info: driver.version: unknown
	at &lt;anonymous class&gt;.FirefoxDriver.prototype.findElementInternal_(file:///C:/Users/RAVIND~1.KUM/AppData/Local/Temp/anonymous2177180889062541870webdriver-profile/extensions/fxdriver@googlecode.com/components/driver-component.js:9641:26)
	at &lt;anonymous class&gt;.fxdriver.Timer.prototype.setTimeout/&lt;.notify(file:///C:/Users/RAVIND~1.KUM/AppData/Local/Temp/anonymous2177180889062541870webdriver-profile/extensions/fxdriver@googlecode.com/components/driver-component.js:548:5)
... Removed 28 stack frames</pre></div><a href='#' onClick='toggleBox("stack-trace33476402", this, "Click to show all stack frames", "Click to hide stack frames")'>Click to show all stack frames</a>
<div class='stack-trace' id='stack-trace33476402'><pre>org.openqa.selenium.NoSuchElementException: Unable to locate element: {&quot;method&quot;:&quot;link text&quot;,&quot;selector&quot;:&quot;Bonus Tracker&quot;}
For documentation on this error, please visit: http://seleniumhq.org/exceptions/no_such_element.html
Build info: version: &apos;2.44.0&apos;, revision: &apos;76d78cf&apos;, time: &apos;2014-10-23 20:02:37&apos;
System info: host: &apos;G-0439&apos;, ip: &apos;10.163.105.52&apos;, os.name: &apos;Windows 7&apos;, os.arch: &apos;x86&apos;, os.version: &apos;6.1&apos;, java.version: &apos;1.7.0_80&apos;
Driver info: driver.version: unknown
Command duration or timeout: 45.74 seconds
For documentation on this error, please visit: http://seleniumhq.org/exceptions/no_such_element.html
Build info: version: &apos;2.44.0&apos;, revision: &apos;76d78cf&apos;, time: &apos;2014-10-23 20:03:00&apos;
System info: host: &apos;G-0439&apos;, ip: &apos;10.163.105.52&apos;, os.name: &apos;Windows 7&apos;, os.arch: &apos;x86&apos;, os.version: &apos;6.1&apos;, java.version: &apos;1.7.0_80&apos;
Session ID: a2dc6538-a642-4bc4-86ca-baf44ba11af2
Driver info: org.openqa.selenium.remote.RemoteWebDriver
Capabilities [{platform=WINDOWS, javascriptEnabled=true, acceptSslCerts=true, browserName=firefox, rotatable=false, locationContextEnabled=true, webdriver.remote.sessionid=a2dc6538-a642-4bc4-86ca-baf44ba11af2, version=35.0.1, databaseEnabled=true, cssSelectorsEnabled=true, handlesAlerts=true, webStorageEnabled=true, nativeEvents=false, applicationCacheEnabled=true, takesScreenshot=true}]
	at sun.reflect.NativeConstructorAccessorImpl.newInstance0(Native Method)
	at sun.reflect.NativeConstructorAccessorImpl.newInstance(Unknown Source)
	at sun.reflect.DelegatingConstructorAccessorImpl.newInstance(Unknown Source)
	at java.lang.reflect.Constructor.newInstance(Unknown Source)
	at org.openqa.selenium.remote.ErrorHandler.createThrowable(ErrorHandler.java:204)
	at org.openqa.selenium.remote.ErrorHandler.throwIfResponseFailed(ErrorHandler.java:156)
	at org.openqa.selenium.remote.RemoteWebDriver.execute(RemoteWebDriver.java:599)
	at org.openqa.selenium.remote.RemoteWebDriver.findElement(RemoteWebDriver.java:352)
	at org.openqa.selenium.remote.RemoteWebDriver.findElementByLinkText(RemoteWebDriver.java:401)
	at org.openqa.selenium.By$ByLinkText.findElement(By.java:242)
	at org.openqa.selenium.remote.RemoteWebDriver.findElement(RemoteWebDriver.java:344)
	at org.openqa.selenium.support.pagefactory.DefaultElementLocator.findElement(DefaultElementLocator.java:59)
	at org.openqa.selenium.support.pagefactory.internal.LocatingElementHandler.invoke(LocatingElementHandler.java:37)
	at com.sun.proxy.$Proxy9.isDisplayed(Unknown Source)
	at Orion1_Navigation.Admissions.VerifyBonusTrackerLink(Admissions.java:122)
	at sun.reflect.NativeMethodAccessorImpl.invoke0(Native Method)
	at sun.reflect.NativeMethodAccessorImpl.invoke(Unknown Source)
	at sun.reflect.DelegatingMethodAccessorImpl.invoke(Unknown Source)
	at java.lang.reflect.Method.invoke(Unknown Source)
	at org.testng.internal.MethodInvocationHelper.invokeMethod(MethodInvocationHelper.java:84)
	at org.testng.internal.Invoker.invokeMethod(Invoker.java:714)
	at org.testng.internal.Invoker.invokeTestMethod(Invoker.java:901)
	at org.testng.internal.Invoker.invokeTestMethods(Invoker.java:1231)
	at org.testng.internal.TestMethodWorker.invokeTestMethods(TestMethodWorker.java:127)
	at org.testng.internal.TestMethodWorker.run(TestMethodWorker.java:111)
	at org.testng.TestRunner.privateRun(TestRunner.java:767)
	at org.testng.TestRunner.run(TestRunner.java:617)
	at org.testng.SuiteRunner.runTest(SuiteRunner.java:334)
	at org.testng.SuiteRunner.runSequentially(SuiteRunner.java:329)
	at org.testng.SuiteRunner.privateRun(SuiteRunner.java:291)
	at org.testng.SuiteRunner.run(SuiteRunner.java:240)
	at org.testng.SuiteRunnerWorker.runSuite(SuiteRunnerWorker.java:52)
	at org.testng.SuiteRunnerWorker.run(SuiteRunnerWorker.java:86)
	at org.testng.TestNG.runSuitesSequentially(TestNG.java:1224)
	at org.testng.TestNG.runSuitesLocally(TestNG.java:1149)
	at org.testng.TestNG.run(TestNG.java:1057)
	at org.testng.remote.RemoteTestNG.run(RemoteTestNG.java:111)
	at org.testng.remote.RemoteTestNG.initAndRun(RemoteTestNG.java:204)
	at org.testng.remote.RemoteTestNG.main(RemoteTestNG.java:175)
Caused by: org.openqa.selenium.remote.ScreenshotException: Screen shot has been taken
Build info: version: &apos;2.44.0&apos;, revision: &apos;76d78cf&apos;, time: &apos;2014-10-23 20:03:00&apos;
System info: host: &apos;G-0439&apos;, ip: &apos;10.163.105.52&apos;, os.name: &apos;Windows 7&apos;, os.arch: &apos;x86&apos;, os.version: &apos;6.1&apos;, java.version: &apos;1.7.0_80&apos;
Driver info: driver.version: RemoteWebDriver
	at org.openqa.selenium.remote.ErrorHandler.throwIfResponseFailed(ErrorHandler.java:136)
	... 33 more
Caused by: org.openqa.selenium.NoSuchElementException: Unable to locate element: {&quot;method&quot;:&quot;link text&quot;,&quot;selector&quot;:&quot;Bonus Tracker&quot;}
For documentation on this error, please visit: http://seleniumhq.org/exceptions/no_such_element.html
Build info: version: &apos;2.44.0&apos;, revision: &apos;76d78cf&apos;, time: &apos;2014-10-23 20:02:37&apos;
System info: host: &apos;G-0439&apos;, ip: &apos;10.163.105.52&apos;, os.name: &apos;Windows 7&apos;, os.arch: &apos;x86&apos;, os.version: &apos;6.1&apos;, java.version: &apos;1.7.0_80&apos;
Driver info: driver.version: unknown
For documentation on this error, please visit: http://seleniumhq.org/exceptions/no_such_element.html
Build info: version: &apos;2.44.0&apos;, revision: &apos;76d78cf&apos;, time: &apos;2014-10-23 20:03:00&apos;
System info: host: &apos;G-0439&apos;, ip: &apos;10.163.105.52&apos;, os.name: &apos;Windows 7&apos;, os.arch: &apos;x86&apos;, os.version: &apos;6.1&apos;, java.version: &apos;1.7.0_80&apos;
Driver info: driver.version: unknown
	at &lt;anonymous class&gt;.FirefoxDriver.prototype.findElementInternal_(file:///C:/Users/RAVIND~1.KUM/AppData/Local/Temp/anonymous2177180889062541870webdriver-profile/extensions/fxdriver@googlecode.com/components/driver-component.js:9641:26)
	at &lt;anonymous class&gt;.fxdriver.Timer.prototype.setTimeout/&lt;.notify(file:///C:/Users/RAVIND~1.KUM/AppData/Local/Temp/anonymous2177180889062541870webdriver-profile/extensions/fxdriver@googlecode.com/components/driver-component.js:548:5)
</pre></div></td>
<td>45</td>
<td>Orion1_Navigation.Admissions@64a871</td></tr>
<tr>
<td title='Orion1_Navigation.Home.VerifyRegistrar()'><b>VerifyRegistrar</b><br>Test class: Orion1_Navigation.Home</td>
<td><div><pre>org.openqa.selenium.NoSuchElementException: Unable to locate element: {&quot;method&quot;:&quot;xpath&quot;,&quot;selector&quot;:&quot;.//td[text()=&apos;Registrar&apos;]&quot;}
For documentation on this error, please visit: http://seleniumhq.org/exceptions/no_such_element.html
Build info: version: &apos;2.44.0&apos;, revision: &apos;76d78cf&apos;, time: &apos;2014-10-23 20:02:37&apos;
System info: host: &apos;G-0439&apos;, ip: &apos;10.163.105.52&apos;, os.name: &apos;Windows 7&apos;, os.arch: &apos;x86&apos;, os.version: &apos;6.1&apos;, java.version: &apos;1.7.0_80&apos;
Driver info: driver.version: unknown
Command duration or timeout: 32.52 seconds
For documentation on this error, please visit: http://seleniumhq.org/exceptions/no_such_element.html
Build info: version: &apos;2.44.0&apos;, revision: &apos;76d78cf&apos;, time: &apos;2014-10-23 20:03:00&apos;
System info: host: &apos;G-0439&apos;, ip: &apos;10.163.105.52&apos;, os.name: &apos;Windows 7&apos;, os.arch: &apos;x86&apos;, os.version: &apos;6.1&apos;, java.version: &apos;1.7.0_80&apos;
Session ID: 763479dd-c5c2-4807-824f-b08a46bfaa68
Driver info: org.openqa.selenium.remote.RemoteWebDriver
Capabilities [{platform=WINDOWS, javascriptEnabled=true, acceptSslCerts=true, browserName=firefox, rotatable=false, locationContextEnabled=true, webdriver.remote.sessionid=763479dd-c5c2-4807-824f-b08a46bfaa68, version=35.0.1, databaseEnabled=true, cssSelectorsEnabled=true, handlesAlerts=true, webStorageEnabled=true, nativeEvents=false, applicationCacheEnabled=true, takesScreenshot=true}]
	at org.openqa.selenium.remote.ErrorHandler.createThrowable(ErrorHandler.java:204)
	at org.openqa.selenium.remote.ErrorHandler.throwIfResponseFailed(ErrorHandler.java:156)
	at org.openqa.selenium.remote.RemoteWebDriver.execute(RemoteWebDriver.java:599)
	at org.openqa.selenium.remote.RemoteWebDriver.findElement(RemoteWebDriver.java:352)
	at org.openqa.selenium.remote.RemoteWebDriver.findElementByXPath(RemoteWebDriver.java:449)
	at org.openqa.selenium.By$ByXPath.findElement(By.java:357)
	at org.openqa.selenium.remote.RemoteWebDriver.findElement(RemoteWebDriver.java:344)
	at org.openqa.selenium.support.pagefactory.DefaultElementLocator.findElement(DefaultElementLocator.java:59)
	at org.openqa.selenium.support.pagefactory.internal.LocatingElementHandler.invoke(LocatingElementHandler.java:37)
	at com.sun.proxy.$Proxy9.isDisplayed(Unknown Source)
	at Orion1_Navigation.Home.VerifyRegistrar(Home.java:113)
Caused by: org.openqa.selenium.remote.ScreenshotException: Screen shot has been taken
Build info: version: &apos;2.44.0&apos;, revision: &apos;76d78cf&apos;, time: &apos;2014-10-23 20:03:00&apos;
System info: host: &apos;G-0439&apos;, ip: &apos;10.163.105.52&apos;, os.name: &apos;Windows 7&apos;, os.arch: &apos;x86&apos;, os.version: &apos;6.1&apos;, java.version: &apos;1.7.0_80&apos;
Driver info: driver.version: RemoteWebDriver
	at org.openqa.selenium.remote.ErrorHandler.throwIfResponseFailed(ErrorHandler.java:136)
	... 33 more
Caused by: org.openqa.selenium.NoSuchElementException: Unable to locate element: {&quot;method&quot;:&quot;xpath&quot;,&quot;selector&quot;:&quot;.//td[text()=&apos;Registrar&apos;]&quot;}
For documentation on this error, please visit: http://seleniumhq.org/exceptions/no_such_element.html
Build info: version: &apos;2.44.0&apos;, revision: &apos;76d78cf&apos;, time: &apos;2014-10-23 20:02:37&apos;
System info: host: &apos;G-0439&apos;, ip: &apos;10.163.105.52&apos;, os.name: &apos;Windows 7&apos;, os.arch: &apos;x86&apos;, os.version: &apos;6.1&apos;, java.version: &apos;1.7.0_80&apos;
Driver info: driver.version: unknown
For documentation on this error, please visit: http://seleniumhq.org/exceptions/no_such_element.html
Build info: version: &apos;2.44.0&apos;, revision: &apos;76d78cf&apos;, time: &apos;2014-10-23 20:03:00&apos;
System info: host: &apos;G-0439&apos;, ip: &apos;10.163.105.52&apos;, os.name: &apos;Windows 7&apos;, os.arch: &apos;x86&apos;, os.version: &apos;6.1&apos;, java.version: &apos;1.7.0_80&apos;
Driver info: driver.version: unknown
	at &lt;anonymous class&gt;.FirefoxDriver.prototype.findElementInternal_(file:///C:/Users/RAVIND~1.KUM/AppData/Local/Temp/anonymous5478038098468125291webdriver-profile/extensions/fxdriver@googlecode.com/components/driver-component.js:9641:26)
	at &lt;anonymous class&gt;.fxdriver.Timer.prototype.setTimeout/&lt;.notify(file:///C:/Users/RAVIND~1.KUM/AppData/Local/Temp/anonymous5478038098468125291webdriver-profile/extensions/fxdriver@googlecode.com/components/driver-component.js:548:5)
... Removed 28 stack frames</pre></div><a href='#' onClick='toggleBox("stack-trace29636311", this, "Click to show all stack frames", "Click to hide stack frames")'>Click to show all stack frames</a>
<div class='stack-trace' id='stack-trace29636311'><pre>org.openqa.selenium.NoSuchElementException: Unable to locate element: {&quot;method&quot;:&quot;xpath&quot;,&quot;selector&quot;:&quot;.//td[text()=&apos;Registrar&apos;]&quot;}
For documentation on this error, please visit: http://seleniumhq.org/exceptions/no_such_element.html
Build info: version: &apos;2.44.0&apos;, revision: &apos;76d78cf&apos;, time: &apos;2014-10-23 20:02:37&apos;
System info: host: &apos;G-0439&apos;, ip: &apos;10.163.105.52&apos;, os.name: &apos;Windows 7&apos;, os.arch: &apos;x86&apos;, os.version: &apos;6.1&apos;, java.version: &apos;1.7.0_80&apos;
Driver info: driver.version: unknown
Command duration or timeout: 32.52 seconds
For documentation on this error, please visit: http://seleniumhq.org/exceptions/no_such_element.html
Build info: version: &apos;2.44.0&apos;, revision: &apos;76d78cf&apos;, time: &apos;2014-10-23 20:03:00&apos;
System info: host: &apos;G-0439&apos;, ip: &apos;10.163.105.52&apos;, os.name: &apos;Windows 7&apos;, os.arch: &apos;x86&apos;, os.version: &apos;6.1&apos;, java.version: &apos;1.7.0_80&apos;
Session ID: 763479dd-c5c2-4807-824f-b08a46bfaa68
Driver info: org.openqa.selenium.remote.RemoteWebDriver
Capabilities [{platform=WINDOWS, javascriptEnabled=true, acceptSslCerts=true, browserName=firefox, rotatable=false, locationContextEnabled=true, webdriver.remote.sessionid=763479dd-c5c2-4807-824f-b08a46bfaa68, version=35.0.1, databaseEnabled=true, cssSelectorsEnabled=true, handlesAlerts=true, webStorageEnabled=true, nativeEvents=false, applicationCacheEnabled=true, takesScreenshot=true}]
	at sun.reflect.NativeConstructorAccessorImpl.newInstance0(Native Method)
	at sun.reflect.NativeConstructorAccessorImpl.newInstance(Unknown Source)
	at sun.reflect.DelegatingConstructorAccessorImpl.newInstance(Unknown Source)
	at java.lang.reflect.Constructor.newInstance(Unknown Source)
	at org.openqa.selenium.remote.ErrorHandler.createThrowable(ErrorHandler.java:204)
	at org.openqa.selenium.remote.ErrorHandler.throwIfResponseFailed(ErrorHandler.java:156)
	at org.openqa.selenium.remote.RemoteWebDriver.execute(RemoteWebDriver.java:599)
	at org.openqa.selenium.remote.RemoteWebDriver.findElement(RemoteWebDriver.java:352)
	at org.openqa.selenium.remote.RemoteWebDriver.findElementByXPath(RemoteWebDriver.java:449)
	at org.openqa.selenium.By$ByXPath.findElement(By.java:357)
	at org.openqa.selenium.remote.RemoteWebDriver.findElement(RemoteWebDriver.java:344)
	at org.openqa.selenium.support.pagefactory.DefaultElementLocator.findElement(DefaultElementLocator.java:59)
	at org.openqa.selenium.support.pagefactory.internal.LocatingElementHandler.invoke(LocatingElementHandler.java:37)
	at com.sun.proxy.$Proxy9.isDisplayed(Unknown Source)
	at Orion1_Navigation.Home.VerifyRegistrar(Home.java:113)
	at sun.reflect.NativeMethodAccessorImpl.invoke0(Native Method)
	at sun.reflect.NativeMethodAccessorImpl.invoke(Unknown Source)
	at sun.reflect.DelegatingMethodAccessorImpl.invoke(Unknown Source)
	at java.lang.reflect.Method.invoke(Unknown Source)
	at org.testng.internal.MethodInvocationHelper.invokeMethod(MethodInvocationHelper.java:84)
	at org.testng.internal.Invoker.invokeMethod(Invoker.java:714)
	at org.testng.internal.Invoker.invokeTestMethod(Invoker.java:901)
	at org.testng.internal.Invoker.invokeTestMethods(Invoker.java:1231)
	at org.testng.internal.TestMethodWorker.invokeTestMethods(TestMethodWorker.java:127)
	at org.testng.internal.TestMethodWorker.run(TestMethodWorker.java:111)
	at org.testng.TestRunner.privateRun(TestRunner.java:767)
	at org.testng.TestRunner.run(TestRunner.java:617)
	at org.testng.SuiteRunner.runTest(SuiteRunner.java:334)
	at org.testng.SuiteRunner.runSequentially(SuiteRunner.java:329)
	at org.testng.SuiteRunner.privateRun(SuiteRunner.java:291)
	at org.testng.SuiteRunner.run(SuiteRunner.java:240)
	at org.testng.SuiteRunnerWorker.runSuite(SuiteRunnerWorker.java:52)
	at org.testng.SuiteRunnerWorker.run(SuiteRunnerWorker.java:86)
	at org.testng.TestNG.runSuitesSequentially(TestNG.java:1224)
	at org.testng.TestNG.runSuitesLocally(TestNG.java:1149)
	at org.testng.TestNG.run(TestNG.java:1057)
	at org.testng.remote.RemoteTestNG.run(RemoteTestNG.java:111)
	at org.testng.remote.RemoteTestNG.initAndRun(RemoteTestNG.java:204)
	at org.testng.remote.RemoteTestNG.main(RemoteTestNG.java:175)
Caused by: org.openqa.selenium.remote.ScreenshotException: Screen shot has been taken
Build info: version: &apos;2.44.0&apos;, revision: &apos;76d78cf&apos;, time: &apos;2014-10-23 20:03:00&apos;
System info: host: &apos;G-0439&apos;, ip: &apos;10.163.105.52&apos;, os.name: &apos;Windows 7&apos;, os.arch: &apos;x86&apos;, os.version: &apos;6.1&apos;, java.version: &apos;1.7.0_80&apos;
Driver info: driver.version: RemoteWebDriver
	at org.openqa.selenium.remote.ErrorHandler.throwIfResponseFailed(ErrorHandler.java:136)
	... 33 more
Caused by: org.openqa.selenium.NoSuchElementException: Unable to locate element: {&quot;method&quot;:&quot;xpath&quot;,&quot;selector&quot;:&quot;.//td[text()=&apos;Registrar&apos;]&quot;}
For documentation on this error, please visit: http://seleniumhq.org/exceptions/no_such_element.html
Build info: version: &apos;2.44.0&apos;, revision: &apos;76d78cf&apos;, time: &apos;2014-10-23 20:02:37&apos;
System info: host: &apos;G-0439&apos;, ip: &apos;10.163.105.52&apos;, os.name: &apos;Windows 7&apos;, os.arch: &apos;x86&apos;, os.version: &apos;6.1&apos;, java.version: &apos;1.7.0_80&apos;
Driver info: driver.version: unknown
For documentation on this error, please visit: http://seleniumhq.org/exceptions/no_such_element.html
Build info: version: &apos;2.44.0&apos;, revision: &apos;76d78cf&apos;, time: &apos;2014-10-23 20:03:00&apos;
System info: host: &apos;G-0439&apos;, ip: &apos;10.163.105.52&apos;, os.name: &apos;Windows 7&apos;, os.arch: &apos;x86&apos;, os.version: &apos;6.1&apos;, java.version: &apos;1.7.0_80&apos;
Driver info: driver.version: unknown
	at &lt;anonymous class&gt;.FirefoxDriver.prototype.findElementInternal_(file:///C:/Users/RAVIND~1.KUM/AppData/Local/Temp/anonymous5478038098468125291webdriver-profile/extensions/fxdriver@googlecode.com/components/driver-component.js:9641:26)
	at &lt;anonymous class&gt;.fxdriver.Timer.prototype.setTimeout/&lt;.notify(file:///C:/Users/RAVIND~1.KUM/AppData/Local/Temp/anonymous5478038098468125291webdriver-profile/extensions/fxdriver@googlecode.com/components/driver-component.js:548:5)
</pre></div></td>
<td>33</td>
<td>Orion1_Navigation.Home@ae39fb</td></tr>
</table><p>
<table width='100%' border='1' class='invocation-passed'>
<tr><td colspan='4' align='center'><b>PASSED TESTS</b></td></tr>
<tr><td><b>Test method</b></td>
<td width="30%"><b>Exception</b></td>
<td width="10%"><b>Time (seconds)</b></td>
<td><b>Instance</b></td>
</tr>
<tr>
<td title='orion1_FileClose.FileCloseStudentManager.ClickOnFirstLeads()'><b>ClickOnFirstLeads</b><br>Test class: orion1_FileClose.FileCloseStudentManager<br>Parameters: public void orion1_FileClose.FileCloseStudentManager.ClickOnFirstLeads(java.lang.reflect.Method)</td>
<td></td>
<td>133</td>
<td>orion1_FileClose.FileCloseStudentManager@14e1705</td></tr>
<tr>
<td title='orion1_FileClose.FileCloseAdmissionManager.ClickOnFirstLeads()'><b>ClickOnFirstLeads</b><br>Test class: orion1_FileClose.FileCloseAdmissionManager<br>Parameters: public void orion1_FileClose.FileCloseAdmissionManager.ClickOnFirstLeads(java.lang.reflect.Method)</td>
<td></td>
<td>114</td>
<td>orion1_FileClose.FileCloseAdmissionManager@14c0cb0</td></tr>
<tr>
<td title='orion1_FileClose.FileCloseStudentManager.SearchLeadsInformationDetails()'><b>SearchLeadsInformationDetails</b><br>Test class: orion1_FileClose.FileCloseStudentManager<br>Parameters: public void orion1_FileClose.FileCloseStudentManager.SearchLeadsInformationDetails(java.lang.reflect.Method)</td>
<td></td>
<td>12</td>
<td>orion1_FileClose.FileCloseStudentManager@14e1705</td></tr>
<tr>
<td title='orion1_FileClose.FileCloseAdmissionManager.SearchLeadsInformationDetails()'><b>SearchLeadsInformationDetails</b><br>Test class: orion1_FileClose.FileCloseAdmissionManager<br>Parameters: public void orion1_FileClose.FileCloseAdmissionManager.SearchLeadsInformationDetails(java.lang.reflect.Method)</td>
<td></td>
<td>6</td>
<td>orion1_FileClose.FileCloseAdmissionManager@14c0cb0</td></tr>
<tr>
<td title='Orion1_Navigation.Academic.VerifyAcademicAdvisingLink()'><b>VerifyAcademicAdvisingLink</b><br>Test class: Orion1_Navigation.Academic</td>
<td></td>
<td>0</td>
<td>Orion1_Navigation.Academic@473996</td></tr>
<tr>
<td title='Orion1_Navigation.Accounting.VerifyAcademicAdvisingLink()'><b>VerifyAcademicAdvisingLink</b><br>Test class: Orion1_Navigation.Accounting</td>
<td></td>
<td>0</td>
<td>Orion1_Navigation.Accounting@d90727</td></tr>
<tr>
<td title='Orion1_Navigation.Academic.VerifyAcademicAdvisingPage()'><b>VerifyAcademicAdvisingPage</b><br>Test class: Orion1_Navigation.Academic</td>
<td></td>
<td>2</td>
<td>Orion1_Navigation.Academic@473996</td></tr>
<tr>
<td title='Orion1_Navigation.Home.VerifyAcademics()'><b>VerifyAcademics</b><br>Test class: Orion1_Navigation.Home</td>
<td></td>
<td>1</td>
<td>Orion1_Navigation.Home@ae39fb</td></tr>
<tr>
<td title='Orion1_Navigation.Home.VerifyAccounting()'><b>VerifyAccounting</b><br>Test class: Orion1_Navigation.Home</td>
<td></td>
<td>0</td>
<td>Orion1_Navigation.Home@ae39fb</td></tr>
<tr>
<td title='Orion1_Navigation.Accounting.VerifyAccountingPage()'><b>VerifyAccountingPage</b><br>Test class: Orion1_Navigation.Accounting</td>
<td></td>
<td>1</td>
<td>Orion1_Navigation.Accounting@d90727</td></tr>
<tr>
<td title='Orion1_Navigation.Accounting.VerifyAccountingcodeManagementLink()'><b>VerifyAccountingcodeManagementLink</b><br>Test class: Orion1_Navigation.Accounting</td>
<td></td>
<td>0</td>
<td>Orion1_Navigation.Accounting@d90727</td></tr>
<tr>
<td title='Orion1_Navigation.Home.VerifyAddNewLeadReferral()'><b>VerifyAddNewLeadReferral</b><br>Test class: Orion1_Navigation.Home</td>
<td></td>
<td>0</td>
<td>Orion1_Navigation.Home@ae39fb</td></tr>
<tr>
<td title='Orion1_Navigation.Home_AddNewLeadReferral.VerifyAddNewLeadReferralHeading()'><b>VerifyAddNewLeadReferralHeading</b><br>Test class: Orion1_Navigation.Home_AddNewLeadReferral</td>
<td></td>
<td>1</td>
<td>Orion1_Navigation.Home_AddNewLeadReferral@60acdc</td></tr>
<tr>
<td title='Orion1_Navigation.Home.VerifyAdmin()'><b>VerifyAdmin</b><br>Test class: Orion1_Navigation.Home</td>
<td></td>
<td>0</td>
<td>Orion1_Navigation.Home@ae39fb</td></tr>
<tr>
<td title='Orion1_Navigation.Admissions.VerifyAdminLink()'><b>VerifyAdminLink</b><br>Test class: Orion1_Navigation.Admissions</td>
<td></td>
<td>1</td>
<td>Orion1_Navigation.Admissions@64a871</td></tr>
<tr>
<td title='Orion1_Navigation.Academic.VerifyAdminLink()'><b>VerifyAdminLink</b><br>Test class: Orion1_Navigation.Academic</td>
<td></td>
<td>0</td>
<td>Orion1_Navigation.Academic@473996</td></tr>
<tr>
<td title='Orion1_Navigation.Academic.VerifyAdminPage()'><b>VerifyAdminPage</b><br>Test class: Orion1_Navigation.Academic</td>
<td></td>
<td>1</td>
<td>Orion1_Navigation.Academic@473996</td></tr>
<tr>
<td title='Orion1_Navigation.Admissions.VerifyAdmissionAdminPage()'><b>VerifyAdmissionAdminPage</b><br>Test class: Orion1_Navigation.Admissions</td>
<td></td>
<td>5</td>
<td>Orion1_Navigation.Admissions@64a871</td></tr>
<tr>
<td title='Orion1_Navigation.Home.VerifyAdmissions()'><b>VerifyAdmissions</b><br>Test class: Orion1_Navigation.Home</td>
<td></td>
<td>0</td>
<td>Orion1_Navigation.Home@ae39fb</td></tr>
<tr>
<td title='Orion1_Navigation.Admissions.VerifyAdmissionsManagerLink()'><b>VerifyAdmissionsManagerLink</b><br>Test class: Orion1_Navigation.Admissions</td>
<td></td>
<td>0</td>
<td>Orion1_Navigation.Admissions@64a871</td></tr>
<tr>
<td title='Orion1_Navigation.Academic.VerifyAdvisorAssignmentLinkPage()'><b>VerifyAdvisorAssignmentLinkPage</b><br>Test class: Orion1_Navigation.Academic</td>
<td></td>
<td>1</td>
<td>Orion1_Navigation.Academic@473996</td></tr>
<tr>
<td title='Orion1_Navigation.Admissions.VerifyAppraisalsLink()'><b>VerifyAppraisalsLink</b><br>Test class: Orion1_Navigation.Admissions</td>
<td></td>
<td>0</td>
<td>Orion1_Navigation.Admissions@64a871</td></tr>
<tr>
<td title='Orion1_Navigation.Academic.VerifyAssignmentExceptionLink()'><b>VerifyAssignmentExceptionLink</b><br>Test class: Orion1_Navigation.Academic</td>
<td></td>
<td>0</td>
<td>Orion1_Navigation.Academic@473996</td></tr>
<tr>
<td title='Orion1_Navigation.Academic.VerifyAssignmentExceptionsPage()'><b>VerifyAssignmentExceptionsPage</b><br>Test class: Orion1_Navigation.Academic</td>
<td></td>
<td>1</td>
<td>Orion1_Navigation.Academic@473996</td></tr>
<tr>
<td title='Orion1_Navigation.Accounting.VerifyAssignmentExceptionsPage()'><b>VerifyAssignmentExceptionsPage</b><br>Test class: Orion1_Navigation.Accounting</td>
<td></td>
<td>1</td>
<td>Orion1_Navigation.Accounting@d90727</td></tr>
<tr>
<td title='Orion1_Navigation.Accounting.VerifyCampusCodeManagementLinkPage()'><b>VerifyCampusCodeManagementLinkPage</b><br>Test class: Orion1_Navigation.Accounting</td>
<td></td>
<td>1</td>
<td>Orion1_Navigation.Accounting@d90727</td></tr>
<tr>
<td title='Orion1_Navigation.Admin.VerifyComponentManagerPage()'><b>VerifyComponentManagerPage</b><br>Test class: Orion1_Navigation.Admin</td>
<td></td>
<td>2</td>
<td>Orion1_Navigation.Admin@1c98360</td></tr>
<tr>
<td title='Orion1_Navigation.Admin.VerifyComponentMgrLink()'><b>VerifyComponentMgrLink</b><br>Test class: Orion1_Navigation.Admin</td>
<td></td>
<td>0</td>
<td>Orion1_Navigation.Admin@1c98360</td></tr>
<tr>
<td title='Orion1_Navigation.Admin.VerifyCreateUserLink()'><b>VerifyCreateUserLink</b><br>Test class: Orion1_Navigation.Admin</td>
<td></td>
<td>0</td>
<td>Orion1_Navigation.Admin@1c98360</td></tr>
<tr>
<td title='Orion1_Navigation.Admin.VerifyCreateUserPage()'><b>VerifyCreateUserPage</b><br>Test class: Orion1_Navigation.Admin</td>
<td></td>
<td>4</td>
<td>Orion1_Navigation.Admin@1c98360</td></tr>
<tr>
<td title='Orion1_Navigation.Marketing.VerifyDNCLink()'><b>VerifyDNCLink</b><br>Test class: Orion1_Navigation.Marketing</td>
<td></td>
<td>3</td>
<td>Orion1_Navigation.Marketing@d03350</td></tr>
<tr>
<td title='Orion1_Navigation.Accounting.VerifyDeliveryType()'><b>VerifyDeliveryType</b><br>Test class: Orion1_Navigation.Accounting</td>
<td></td>
<td>1</td>
<td>Orion1_Navigation.Accounting@d90727</td></tr>
<tr>
<td title='Orion1_Navigation.Marketing.VerifyDispManaerLink()'><b>VerifyDispManaerLink</b><br>Test class: Orion1_Navigation.Marketing</td>
<td></td>
<td>0</td>
<td>Orion1_Navigation.Marketing@d03350</td></tr>
<tr>
<td title='Orion1_Navigation.Editorial.VerifyEditorialLink()'><b>VerifyEditorialLink</b><br>Test class: Orion1_Navigation.Editorial</td>
<td></td>
<td>0</td>
<td>Orion1_Navigation.Editorial@6ec21a</td></tr>
<tr>
<td title='Orion1_Navigation.Home_AddNewLeadReferral.VerifyEmail()'><b>VerifyEmail</b><br>Test class: Orion1_Navigation.Home_AddNewLeadReferral</td>
<td></td>
<td>0</td>
<td>Orion1_Navigation.Home_AddNewLeadReferral@60acdc</td></tr>
<tr>
<td title='Orion1_Navigation.Admissions.VerifyEnrollmentExceptionsLink()'><b>VerifyEnrollmentExceptionsLink</b><br>Test class: Orion1_Navigation.Admissions</td>
<td></td>
<td>0</td>
<td>Orion1_Navigation.Admissions@64a871</td></tr>
<tr>
<td title='Orion1_Navigation.Academic.VerifyEnrollmentExceptionsLink()'><b>VerifyEnrollmentExceptionsLink</b><br>Test class: Orion1_Navigation.Academic</td>
<td></td>
<td>0</td>
<td>Orion1_Navigation.Academic@473996</td></tr>
<tr>
<td title='Orion1_Navigation.Admin.VerifyErrorReportingLink()'><b>VerifyErrorReportingLink</b><br>Test class: Orion1_Navigation.Admin</td>
<td></td>
<td>0</td>
<td>Orion1_Navigation.Admin@1c98360</td></tr>
<tr>
<td title='Orion1_Navigation.Admin.VerifyErrorReportingPage()'><b>VerifyErrorReportingPage</b><br>Test class: Orion1_Navigation.Admin</td>
<td></td>
<td>3</td>
<td>Orion1_Navigation.Admin@1c98360</td></tr>
<tr>
<td title='Orion1_Navigation.Accounting.VerifyFileExportUtilityLink()'><b>VerifyFileExportUtilityLink</b><br>Test class: Orion1_Navigation.Accounting</td>
<td></td>
<td>0</td>
<td>Orion1_Navigation.Accounting@d90727</td></tr>
<tr>
<td title='Orion1_Navigation.Accounting.VerifyFileExportUtilityPage()'><b>VerifyFileExportUtilityPage</b><br>Test class: Orion1_Navigation.Accounting</td>
<td></td>
<td>1</td>
<td>Orion1_Navigation.Accounting@d90727</td></tr>
<tr>
<td title='Orion1_Navigation.Accounting.VerifyFileServiceLink()'><b>VerifyFileServiceLink</b><br>Test class: Orion1_Navigation.Accounting</td>
<td></td>
<td>0</td>
<td>Orion1_Navigation.Accounting@d90727</td></tr>
<tr>
<td title='Orion1_Navigation.Home.VerifyFinancialAid()'><b>VerifyFinancialAid</b><br>Test class: Orion1_Navigation.Home</td>
<td></td>
<td>0</td>
<td>Orion1_Navigation.Home@ae39fb</td></tr>
<tr>
<td title='Orion1_Navigation.Home_AddNewLeadReferral.VerifyFirstName()'><b>VerifyFirstName</b><br>Test class: Orion1_Navigation.Home_AddNewLeadReferral</td>
<td></td>
<td>0</td>
<td>Orion1_Navigation.Home_AddNewLeadReferral@60acdc</td></tr>
<tr>
<td title='Orion1_Navigation.Editorial.VerifyGlobalProgramMappingLink()'><b>VerifyGlobalProgramMappingLink</b><br>Test class: Orion1_Navigation.Editorial</td>
<td></td>
<td>0</td>
<td>Orion1_Navigation.Editorial@6ec21a</td></tr>
<tr>
<td title='Orion1_Navigation.Editorial.VerifyGlobalProgramMappingPage()'><b>VerifyGlobalProgramMappingPage</b><br>Test class: Orion1_Navigation.Editorial</td>
<td></td>
<td>1</td>
<td>Orion1_Navigation.Editorial@6ec21a</td></tr>
<tr>
<td title='Orion1_Navigation.Home.VerifyHome()'><b>VerifyHome</b><br>Test class: Orion1_Navigation.Home</td>
<td></td>
<td>0</td>
<td>Orion1_Navigation.Home@ae39fb</td></tr>
<tr>
<td title='Orion1_Navigation.Home_AddNewLeadReferral.VerifyLastName()'><b>VerifyLastName</b><br>Test class: Orion1_Navigation.Home_AddNewLeadReferral</td>
<td></td>
<td>0</td>
<td>Orion1_Navigation.Home_AddNewLeadReferral@60acdc</td></tr>
<tr>
<td title='Orion1_Navigation.Marketing.VerifyLeadScoringLink()'><b>VerifyLeadScoringLink</b><br>Test class: Orion1_Navigation.Marketing</td>
<td></td>
<td>0</td>
<td>Orion1_Navigation.Marketing@d03350</td></tr>
<tr>
<td title='Orion1_Navigation.Home.VerifyLogout()'><b>VerifyLogout</b><br>Test class: Orion1_Navigation.Home</td>
<td></td>
<td>0</td>
<td>Orion1_Navigation.Home@ae39fb</td></tr>
<tr>
<td title='Orion1_Navigation.Academic.VerifyMLink()'><b>VerifyMLink</b><br>Test class: Orion1_Navigation.Academic</td>
<td></td>
<td>0</td>
<td>Orion1_Navigation.Academic@473996</td></tr>
<tr>
<td title='Orion1_Navigation.Admin.VerifyManageAssignExReasonLink()'><b>VerifyManageAssignExReasonLink</b><br>Test class: Orion1_Navigation.Admin</td>
<td></td>
<td>0</td>
<td>Orion1_Navigation.Admin@1c98360</td></tr>
<tr>
<td title='Orion1_Navigation.Admin.VerifyManageCampusLink()'><b>VerifyManageCampusLink</b><br>Test class: Orion1_Navigation.Admin</td>
<td></td>
<td>0</td>
<td>Orion1_Navigation.Admin@1c98360</td></tr>
<tr>
<td title='Orion1_Navigation.Admin.VerifyManageCampusPage()'><b>VerifyManageCampusPage</b><br>Test class: Orion1_Navigation.Admin</td>
<td></td>
<td>1</td>
<td>Orion1_Navigation.Admin@1c98360</td></tr>
<tr>
<td title='Orion1_Navigation.Admin.VerifyManageDepartmentPage()'><b>VerifyManageDepartmentPage</b><br>Test class: Orion1_Navigation.Admin</td>
<td></td>
<td>1</td>
<td>Orion1_Navigation.Admin@1c98360</td></tr>
<tr>
<td title='Orion1_Navigation.Admin.VerifyManageDepartmentsLink()'><b>VerifyManageDepartmentsLink</b><br>Test class: Orion1_Navigation.Admin</td>
<td></td>
<td>0</td>
<td>Orion1_Navigation.Admin@1c98360</td></tr>
<tr>
<td title='Orion1_Navigation.Admin.VerifyManageHolidayLink()'><b>VerifyManageHolidayLink</b><br>Test class: Orion1_Navigation.Admin</td>
<td></td>
<td>0</td>
<td>Orion1_Navigation.Admin@1c98360</td></tr>
<tr>
<td title='Orion1_Navigation.Admin.VerifyManageHolidayPage()'><b>VerifyManageHolidayPage</b><br>Test class: Orion1_Navigation.Admin</td>
<td></td>
<td>1</td>
<td>Orion1_Navigation.Admin@1c98360</td></tr>
<tr>
<td title='Orion1_Navigation.Marketing.VerifyManageSIFSitesLink()'><b>VerifyManageSIFSitesLink</b><br>Test class: Orion1_Navigation.Marketing</td>
<td></td>
<td>0</td>
<td>Orion1_Navigation.Marketing@d03350</td></tr>
<tr>
<td title='Orion1_Navigation.Admin.VerifyManageTaskTrackerLink()'><b>VerifyManageTaskTrackerLink</b><br>Test class: Orion1_Navigation.Admin</td>
<td></td>
<td>0</td>
<td>Orion1_Navigation.Admin@1c98360</td></tr>
<tr>
<td title='Orion1_Navigation.Admin.VerifyManageUserLink()'><b>VerifyManageUserLink</b><br>Test class: Orion1_Navigation.Admin</td>
<td></td>
<td>0</td>
<td>Orion1_Navigation.Admin@1c98360</td></tr>
<tr>
<td title='Orion1_Navigation.Admin.VerifyManageUserPage()'><b>VerifyManageUserPage</b><br>Test class: Orion1_Navigation.Admin</td>
<td></td>
<td>2</td>
<td>Orion1_Navigation.Admin@1c98360</td></tr>
<tr>
<td title='Orion1_Navigation.Home.VerifyMarketing()'><b>VerifyMarketing</b><br>Test class: Orion1_Navigation.Home</td>
<td></td>
<td>0</td>
<td>Orion1_Navigation.Home@ae39fb</td></tr>
<tr>
<td title='Orion1_Navigation.Marketing.VerifyMarketingLink()'><b>VerifyMarketingLink</b><br>Test class: Orion1_Navigation.Marketing</td>
<td></td>
<td>0</td>
<td>Orion1_Navigation.Marketing@d03350</td></tr>
<tr>
<td title='Orion1_Navigation.Home.VerifyMyProfileImage()'><b>VerifyMyProfileImage</b><br>Test class: Orion1_Navigation.Home</td>
<td></td>
<td>0</td>
<td>Orion1_Navigation.Home@ae39fb</td></tr>
<tr>
<td title='Orion1_Navigation.Admissions.VerifyOperationsLink()'><b>VerifyOperationsLink</b><br>Test class: Orion1_Navigation.Admissions</td>
<td></td>
<td>0</td>
<td>Orion1_Navigation.Admissions@64a871</td></tr>
<tr>
<td title='Orion1_Navigation.Accounting.VerifyOutputFileManagementPage()'><b>VerifyOutputFileManagementPage</b><br>Test class: Orion1_Navigation.Accounting</td>
<td></td>
<td>1</td>
<td>Orion1_Navigation.Accounting@d90727</td></tr>
<tr>
<td title='Orion1_Navigation.Home.VerifyProgMaintenance()'><b>VerifyProgMaintenance</b><br>Test class: Orion1_Navigation.Home</td>
<td></td>
<td>0</td>
<td>Orion1_Navigation.Home@ae39fb</td></tr>
<tr>
<td title='Orion1_Navigation.Editorial.VerifyProgramGroupMappingLink()'><b>VerifyProgramGroupMappingLink</b><br>Test class: Orion1_Navigation.Editorial</td>
<td></td>
<td>0</td>
<td>Orion1_Navigation.Editorial@6ec21a</td></tr>
<tr>
<td title='Orion1_Navigation.Editorial.VerifyProgramGroupMappingPage()'><b>VerifyProgramGroupMappingPage</b><br>Test class: Orion1_Navigation.Editorial</td>
<td></td>
<td>1</td>
<td>Orion1_Navigation.Editorial@6ec21a</td></tr>
<tr>
<td title='Orion1_Navigation.Editorial.VerifyProgramMappingLink()'><b>VerifyProgramMappingLink</b><br>Test class: Orion1_Navigation.Editorial</td>
<td></td>
<td>0</td>
<td>Orion1_Navigation.Editorial@6ec21a</td></tr>
<tr>
<td title='Orion1_Navigation.Editorial.VerifyProgramMappingPage()'><b>VerifyProgramMappingPage</b><br>Test class: Orion1_Navigation.Editorial</td>
<td></td>
<td>2</td>
<td>Orion1_Navigation.Editorial@6ec21a</td></tr>
<tr>
<td title='Orion1_Navigation.Marketing.VerifyQuesSearchLink()'><b>VerifyQuesSearchLink</b><br>Test class: Orion1_Navigation.Marketing</td>
<td></td>
<td>0</td>
<td>Orion1_Navigation.Marketing@d03350</td></tr>
<tr>
<td title='Orion1_Navigation.Home_StudentLookup.VerifyQueueslabel()'><b>VerifyQueueslabel</b><br>Test class: Orion1_Navigation.Home_StudentLookup</td>
<td></td>
<td>4</td>
<td>Orion1_Navigation.Home_StudentLookup@1e70e12</td></tr>
<tr>
<td title='Orion1_Navigation.Home_AddNewLeadReferral.VerifyReferralInfoLabel()'><b>VerifyReferralInfoLabel</b><br>Test class: Orion1_Navigation.Home_AddNewLeadReferral</td>
<td></td>
<td>0</td>
<td>Orion1_Navigation.Home_AddNewLeadReferral@60acdc</td></tr>
<tr>
<td title='Orion1_Navigation.Academic.VerifyRepGroupLink()'><b>VerifyRepGroupLink</b><br>Test class: Orion1_Navigation.Academic</td>
<td></td>
<td>0</td>
<td>Orion1_Navigation.Academic@473996</td></tr>
<tr>
<td title='Orion1_Navigation.Home.VerifyReports()'><b>VerifyReports</b><br>Test class: Orion1_Navigation.Home</td>
<td></td>
<td>0</td>
<td>Orion1_Navigation.Home@ae39fb</td></tr>
<tr>
<td title='Orion1_Navigation.Admin.VerifyResDataMigLink()'><b>VerifyResDataMigLink</b><br>Test class: Orion1_Navigation.Admin</td>
<td></td>
<td>0</td>
<td>Orion1_Navigation.Admin@1c98360</td></tr>
<tr>
<td title='Orion1_Navigation.Admin.VerifyResDataMigrationPage()'><b>VerifyResDataMigrationPage</b><br>Test class: Orion1_Navigation.Admin</td>
<td></td>
<td>1</td>
<td>Orion1_Navigation.Admin@1c98360</td></tr>
<tr>
<td title='Orion1_Navigation.Marketing.VerifySIFComparisonLink()'><b>VerifySIFComparisonLink</b><br>Test class: Orion1_Navigation.Marketing</td>
<td></td>
<td>0</td>
<td>Orion1_Navigation.Marketing@d03350</td></tr>
<tr>
<td title='Orion1_Navigation.Marketing.VerifySIFManaerLink()'><b>VerifySIFManaerLink</b><br>Test class: Orion1_Navigation.Marketing</td>
<td></td>
<td>0</td>
<td>Orion1_Navigation.Marketing@d03350</td></tr>
<tr>
<td title='Orion1_Navigation.Marketing.VerifySIFSearchLink()'><b>VerifySIFSearchLink</b><br>Test class: Orion1_Navigation.Marketing</td>
<td></td>
<td>0</td>
<td>Orion1_Navigation.Marketing@d03350</td></tr>
<tr>
<td title='Orion1_Navigation.Admissions.VerifyScriptManagerLink()'><b>VerifyScriptManagerLink</b><br>Test class: Orion1_Navigation.Admissions</td>
<td></td>
<td>0</td>
<td>Orion1_Navigation.Admissions@64a871</td></tr>
<tr>
<td title='Orion1_Navigation.Admissions.VerifyScriptManagerPage()'><b>VerifyScriptManagerPage</b><br>Test class: Orion1_Navigation.Admissions</td>
<td></td>
<td>11</td>
<td>Orion1_Navigation.Admissions@64a871</td></tr>
<tr>
<td title='Orion1_Navigation.Admissions.VerifySettingsLink()'><b>VerifySettingsLink</b><br>Test class: Orion1_Navigation.Admissions</td>
<td></td>
<td>0</td>
<td>Orion1_Navigation.Admissions@64a871</td></tr>
<tr>
<td title='Orion1_Navigation.Admissions.VerifySkillsCutOffManagerPage()'><b>VerifySkillsCutOffManagerPage</b><br>Test class: Orion1_Navigation.Admissions</td>
<td></td>
<td>3</td>
<td>Orion1_Navigation.Admissions@64a871</td></tr>
<tr>
<td title='Orion1_Navigation.Admissions.VerifySkillsCutoffMgrLink()'><b>VerifySkillsCutoffMgrLink</b><br>Test class: Orion1_Navigation.Admissions</td>
<td></td>
<td>0</td>
<td>Orion1_Navigation.Admissions@64a871</td></tr>
<tr>
<td title='Orion1_Navigation.Home_AddNewLeadReferral.VerifyStuProReferralLabel()'><b>VerifyStuProReferralLabel</b><br>Test class: Orion1_Navigation.Home_AddNewLeadReferral</td>
<td></td>
<td>0</td>
<td>Orion1_Navigation.Home_AddNewLeadReferral@60acdc</td></tr>
<tr>
<td title='Orion1_Navigation.Home.VerifyStudentLookup()'><b>VerifyStudentLookup</b><br>Test class: Orion1_Navigation.Home</td>
<td></td>
<td>0</td>
<td>Orion1_Navigation.Home@ae39fb</td></tr>
<tr>
<td title='Orion1_Navigation.Academic.VerifyTeamDirectorLink()'><b>VerifyTeamDirectorLink</b><br>Test class: Orion1_Navigation.Academic</td>
<td></td>
<td>0</td>
<td>Orion1_Navigation.Academic@473996</td></tr>
<tr>
<td title='Orion1_Navigation.Accounting.VerifyTeamDirectorLink()'><b>VerifyTeamDirectorLink</b><br>Test class: Orion1_Navigation.Accounting</td>
<td></td>
<td>0</td>
<td>Orion1_Navigation.Accounting@d90727</td></tr>
<tr>
<td title='Orion1_Navigation.Home.VerifyTicketing()'><b>VerifyTicketing</b><br>Test class: Orion1_Navigation.Home</td>
<td></td>
<td>0</td>
<td>Orion1_Navigation.Home@ae39fb</td></tr>
<tr>
<td title='Orion1_Navigation.Academic.VerifyTutoringLink()'><b>VerifyTutoringLink</b><br>Test class: Orion1_Navigation.Academic</td>
<td></td>
<td>0</td>
<td>Orion1_Navigation.Academic@473996</td></tr>
<tr>
<td title='Orion1_Navigation.Accounting.VerifyTutoringLink()'><b>VerifyTutoringLink</b><br>Test class: Orion1_Navigation.Accounting</td>
<td></td>
<td>0</td>
<td>Orion1_Navigation.Accounting@d90727</td></tr>
<tr>
<td title='Orion1_Navigation.Academic.VerifyTutoringViewPage()'><b>VerifyTutoringViewPage</b><br>Test class: Orion1_Navigation.Academic</td>
<td></td>
<td>1</td>
<td>Orion1_Navigation.Academic@473996</td></tr>
<tr>
<td title='Orion1_Navigation.Home.VerifyUniPlatform()'><b>VerifyUniPlatform</b><br>Test class: Orion1_Navigation.Home</td>
<td></td>
<td>0</td>
<td>Orion1_Navigation.Home@ae39fb</td></tr>
<tr>
<td title='Orion1_Navigation.Marketing.VerifyVendor()'><b>VerifyVendor</b><br>Test class: Orion1_Navigation.Marketing</td>
<td></td>
<td>0</td>
<td>Orion1_Navigation.Marketing@d03350</td></tr>
<tr>
<td title='Orion1_Navigation.Home.VerifyWelcomeHeading()'><b>VerifyWelcomeHeading</b><br>Test class: Orion1_Navigation.Home</td>
<td></td>
<td>0</td>
<td>Orion1_Navigation.Home@ae39fb</td></tr>
</table><p>
</body>
</html>