<?xml version="1.0" encoding="UTF-8"?>
<!-- Generated by org.testng.reporters.JUnitXMLReporter -->
<testsuite hostname="G-0439" name="Orion1CLS_firefox" tests="101" failures="3" timestamp="11 Jun 2015 06:59:12 GMT" time="1004.539" errors="0">
  <testcase name="VerifyAcademics" time="1.932" classname="Orion1_Navigation.Home"/>
  <testcase name="VerifyAccounting" time="0.06" classname="Orion1_Navigation.Home"/>
  <testcase name="VerifyAddNewLeadReferral" time="0.059" classname="Orion1_Navigation.Home"/>
  <testcase name="VerifyAdmin" time="0.058" classname="Orion1_Navigation.Home"/>
  <testcase name="VerifyAdmissions" time="0.056" classname="Orion1_Navigation.Home"/>
  <testcase name="VerifyFinancialAid" time="0.049" classname="Orion1_Navigation.Home"/>
  <testcase name="VerifyHome" time="0.057" classname="Orion1_Navigation.Home"/>
  <testcase name="VerifyLogout" time="0.05" classname="Orion1_Navigation.Home"/>
  <testcase name="VerifyMarketing" time="0.059" classname="Orion1_Navigation.Home"/>
  <testcase name="VerifyMyProfileImage" time="0.084" classname="Orion1_Navigation.Home"/>
  <testcase name="VerifyProgMaintenance" time="0.047" classname="Orion1_Navigation.Home"/>
  <testcase name="VerifyRegistrar" time="33.156" classname="Orion1_Navigation.Home">
    <failure type="org.openqa.selenium.NoSuchElementException" message="Unable to locate element: {&amp;quot;method&amp;quot;:&amp;quot;xpath&amp;quot;,&amp;quot;selector&amp;quot;:&amp;quot;.//td[text()=&amp;apos;Registrar&amp;apos;]&amp;quot;}
For documentation on this error, please visit: http://seleniumhq.org/exceptions/no_such_element.html
Build info: version: &amp;apos;2.44.0&amp;apos;, revision: &amp;apos;76d78cf&amp;apos;, time: &amp;apos;2014-10-23 20:02:37&amp;apos;
System info: host: &amp;apos;G-0439&amp;apos;, ip: &amp;apos;10.163.105.52&amp;apos;, os.name: &amp;apos;Windows 7&amp;apos;, os.arch: &amp;apos;x86&amp;apos;, os.version: &amp;apos;6.1&amp;apos;, java.version: &amp;apos;1.7.0_80&amp;apos;
Driver info: driver.version: unknown
Command duration or timeout: 32.52 seconds
For documentation on this error, please visit: http://seleniumhq.org/exceptions/no_such_element.html
Build info: version: &amp;apos;2.44.0&amp;apos;, revision: &amp;apos;76d78cf&amp;apos;, time: &amp;apos;2014-10-23 20:03:00&amp;apos;
System info: host: &amp;apos;G-0439&amp;apos;, ip: &amp;apos;10.163.105.52&amp;apos;, os.name: &amp;apos;Windows 7&amp;apos;, os.arch: &amp;apos;x86&amp;apos;, os.version: &amp;apos;6.1&amp;apos;, java.version: &amp;apos;1.7.0_80&amp;apos;
Session ID: 763479dd-c5c2-4807-824f-b08a46bfaa68
Driver info: org.openqa.selenium.remote.RemoteWebDriver
Capabilities [{platform=WINDOWS, javascriptEnabled=true, acceptSslCerts=true, browserName=firefox, rotatable=false, locationContextEnabled=true, webdriver.remote.sessionid=763479dd-c5c2-4807-824f-b08a46bfaa68, version=35.0.1, databaseEnabled=true, cssSelectorsEnabled=true, handlesAlerts=true, webStorageEnabled=true, nativeEvents=false, applicationCacheEnabled=true, takesScreenshot=true}]">
      <![CDATA[org.openqa.selenium.NoSuchElementException: Unable to locate element: {"method":"xpath","selector":".//td[text()='Registrar']"}
For documentation on this error, please visit: http://seleniumhq.org/exceptions/no_such_element.html
Build info: version: '2.44.0', revision: '76d78cf', time: '2014-10-23 20:02:37'
System info: host: 'G-0439', ip: '10.163.105.52', os.name: 'Windows 7', os.arch: 'x86', os.version: '6.1', java.version: '1.7.0_80'
Driver info: driver.version: unknown
Command duration or timeout: 32.52 seconds
For documentation on this error, please visit: http://seleniumhq.org/exceptions/no_such_element.html
Build info: version: '2.44.0', revision: '76d78cf', time: '2014-10-23 20:03:00'
System info: host: 'G-0439', ip: '10.163.105.52', os.name: 'Windows 7', os.arch: 'x86', os.version: '6.1', java.version: '1.7.0_80'
Session ID: 763479dd-c5c2-4807-824f-b08a46bfaa68
Driver info: org.openqa.selenium.remote.RemoteWebDriver
Capabilities [{platform=WINDOWS, javascriptEnabled=true, acceptSslCerts=true, browserName=firefox, rotatable=false, locationContextEnabled=true, webdriver.remote.sessionid=763479dd-c5c2-4807-824f-b08a46bfaa68, version=35.0.1, databaseEnabled=true, cssSelectorsEnabled=true, handlesAlerts=true, webStorageEnabled=true, nativeEvents=false, applicationCacheEnabled=true, takesScreenshot=true}]
	at org.openqa.selenium.remote.ErrorHandler.createThrowable(ErrorHandler.java:204)
	at org.openqa.selenium.remote.ErrorHandler.throwIfResponseFailed(ErrorHandler.java:156)
	at org.openqa.selenium.remote.RemoteWebDriver.execute(RemoteWebDriver.java:599)
	at org.openqa.selenium.remote.RemoteWebDriver.findElement(RemoteWebDriver.java:352)
	at org.openqa.selenium.remote.RemoteWebDriver.findElementByXPath(RemoteWebDriver.java:449)
	at org.openqa.selenium.By$ByXPath.findElement(By.java:357)
	at org.openqa.selenium.remote.RemoteWebDriver.findElement(RemoteWebDriver.java:344)
	at org.openqa.selenium.support.pagefactory.DefaultElementLocator.findElement(DefaultElementLocator.java:59)
	at org.openqa.selenium.support.pagefactory.internal.LocatingElementHandler.invoke(LocatingElementHandler.java:37)
	at com.sun.proxy.$Proxy9.isDisplayed(Unknown Source)
	at Orion1_Navigation.Home.VerifyRegistrar(Home.java:113)
Caused by: org.openqa.selenium.remote.ScreenshotException: Screen shot has been taken
Build info: version: '2.44.0', revision: '76d78cf', time: '2014-10-23 20:03:00'
System info: host: 'G-0439', ip: '10.163.105.52', os.name: 'Windows 7', os.arch: 'x86', os.version: '6.1', java.version: '1.7.0_80'
Driver info: driver.version: RemoteWebDriver
	at org.openqa.selenium.remote.ErrorHandler.throwIfResponseFailed(ErrorHandler.java:136)
	... 33 more
Caused by: org.openqa.selenium.NoSuchElementException: Unable to locate element: {"method":"xpath","selector":".//td[text()='Registrar']"}
For documentation on this error, please visit: http://seleniumhq.org/exceptions/no_such_element.html
Build info: version: '2.44.0', revision: '76d78cf', time: '2014-10-23 20:02:37'
System info: host: 'G-0439', ip: '10.163.105.52', os.name: 'Windows 7', os.arch: 'x86', os.version: '6.1', java.version: '1.7.0_80'
Driver info: driver.version: unknown
For documentation on this error, please visit: http://seleniumhq.org/exceptions/no_such_element.html
Build info: version: '2.44.0', revision: '76d78cf', time: '2014-10-23 20:03:00'
System info: host: 'G-0439', ip: '10.163.105.52', os.name: 'Windows 7', os.arch: 'x86', os.version: '6.1', java.version: '1.7.0_80'
Driver info: driver.version: unknown
	at <anonymous class>.FirefoxDriver.prototype.findElementInternal_(file:///C:/Users/RAVIND~1.KUM/AppData/Local/Temp/anonymous5478038098468125291webdriver-profile/extensions/fxdriver@googlecode.com/components/driver-component.js:9641:26)
	at <anonymous class>.fxdriver.Timer.prototype.setTimeout/<.notify(file:///C:/Users/RAVIND~1.KUM/AppData/Local/Temp/anonymous5478038098468125291webdriver-profile/extensions/fxdriver@googlecode.com/components/driver-component.js:548:5)
... Removed 28 stack frames]]>
    </failure>
  </testcase> <!-- VerifyRegistrar -->
  <testcase name="VerifyReports" time="0.079" classname="Orion1_Navigation.Home"/>
  <testcase name="VerifyStudentLookup" time="0.106" classname="Orion1_Navigation.Home"/>
  <testcase name="VerifyTicketing" time="0.049" classname="Orion1_Navigation.Home"/>
  <testcase name="VerifyUniPlatform" time="0.055" classname="Orion1_Navigation.Home"/>
  <testcase name="VerifyWelcomeHeading" time="0.057" classname="Orion1_Navigation.Home"/>
  <testcase name="VerifyAddNewLeadReferralHeading" time="1.599" classname="Orion1_Navigation.Home_AddNewLeadReferral"/>
  <testcase name="VerifyEmail" time="0.073" classname="Orion1_Navigation.Home_AddNewLeadReferral"/>
  <testcase name="VerifyFirstName" time="0.16" classname="Orion1_Navigation.Home_AddNewLeadReferral"/>
  <testcase name="VerifyLastName" time="0.062" classname="Orion1_Navigation.Home_AddNewLeadReferral"/>
  <testcase name="VerifyReferralInfoLabel" time="0.062" classname="Orion1_Navigation.Home_AddNewLeadReferral"/>
  <testcase name="VerifyStuProReferralLabel" time="0.069" classname="Orion1_Navigation.Home_AddNewLeadReferral"/>
  <testcase name="VerifyQueueslabel" time="4.041" classname="Orion1_Navigation.Home_StudentLookup"/>
  <testcase name="VerifyComponentManagerPage" time="2.902" classname="Orion1_Navigation.Admin"/>
  <testcase name="VerifyComponentMgrLink" time="0.107" classname="Orion1_Navigation.Admin"/>
  <testcase name="VerifyCreateUserLink" time="0.072" classname="Orion1_Navigation.Admin"/>
  <testcase name="VerifyCreateUserPage" time="4.082" classname="Orion1_Navigation.Admin"/>
  <testcase name="VerifyErrorReportingLink" time="0.272" classname="Orion1_Navigation.Admin"/>
  <testcase name="VerifyErrorReportingPage" time="3.433" classname="Orion1_Navigation.Admin"/>
  <testcase name="VerifyManageAssignExReasonLink" time="0.119" classname="Orion1_Navigation.Admin"/>
  <testcase name="VerifyManageCampusLink" time="0.101" classname="Orion1_Navigation.Admin"/>
  <testcase name="VerifyManageCampusPage" time="1.433" classname="Orion1_Navigation.Admin"/>
  <testcase name="VerifyManageDepartmentPage" time="1.966" classname="Orion1_Navigation.Admin"/>
  <testcase name="VerifyManageDepartmentsLink" time="0.111" classname="Orion1_Navigation.Admin"/>
  <testcase name="VerifyManageHolidayLink" time="0.098" classname="Orion1_Navigation.Admin"/>
  <testcase name="VerifyManageHolidayPage" time="1.34" classname="Orion1_Navigation.Admin"/>
  <testcase name="VerifyManageTaskTrackerLink" time="0.124" classname="Orion1_Navigation.Admin"/>
  <testcase name="VerifyManageUserLink" time="0.085" classname="Orion1_Navigation.Admin"/>
  <testcase name="VerifyManageUserPage" time="2.512" classname="Orion1_Navigation.Admin"/>
  <testcase name="VerifyResDataMigLink" time="0.183" classname="Orion1_Navigation.Admin"/>
  <testcase name="VerifyResDataMigrationPage" time="1.756" classname="Orion1_Navigation.Admin"/>
  <testcase name="VerifyAdminLink" time="1.97" classname="Orion1_Navigation.Admissions"/>
  <testcase name="VerifyAdmissionAdminPage" time="5.137" classname="Orion1_Navigation.Admissions"/>
  <testcase name="VerifyAdmissionsManagerLink" time="0.087" classname="Orion1_Navigation.Admissions"/>
  <testcase name="VerifyAdmissionsManagerPage" time="45.428" classname="Orion1_Navigation.Admissions">
    <failure type="org.openqa.selenium.NoSuchElementException" message="Unable to locate element: {&amp;quot;method&amp;quot;:&amp;quot;xpath&amp;quot;,&amp;quot;selector&amp;quot;:&amp;quot;.//*[@id=&amp;apos;tabnavi_TabRow&amp;apos;]/td[18]/a/img&amp;quot;}
For documentation on this error, please visit: http://seleniumhq.org/exceptions/no_such_element.html
Build info: version: &amp;apos;2.44.0&amp;apos;, revision: &amp;apos;76d78cf&amp;apos;, time: &amp;apos;2014-10-23 20:02:37&amp;apos;
System info: host: &amp;apos;G-0439&amp;apos;, ip: &amp;apos;10.163.105.52&amp;apos;, os.name: &amp;apos;Windows 7&amp;apos;, os.arch: &amp;apos;x86&amp;apos;, os.version: &amp;apos;6.1&amp;apos;, java.version: &amp;apos;1.7.0_80&amp;apos;
Driver info: driver.version: unknown
Command duration or timeout: 45.43 seconds
For documentation on this error, please visit: http://seleniumhq.org/exceptions/no_such_element.html
Build info: version: &amp;apos;2.44.0&amp;apos;, revision: &amp;apos;76d78cf&amp;apos;, time: &amp;apos;2014-10-23 20:03:00&amp;apos;
System info: host: &amp;apos;G-0439&amp;apos;, ip: &amp;apos;10.163.105.52&amp;apos;, os.name: &amp;apos;Windows 7&amp;apos;, os.arch: &amp;apos;x86&amp;apos;, os.version: &amp;apos;6.1&amp;apos;, java.version: &amp;apos;1.7.0_80&amp;apos;
Session ID: a2dc6538-a642-4bc4-86ca-baf44ba11af2
Driver info: org.openqa.selenium.remote.RemoteWebDriver
Capabilities [{platform=WINDOWS, javascriptEnabled=true, acceptSslCerts=true, browserName=firefox, rotatable=false, locationContextEnabled=true, webdriver.remote.sessionid=a2dc6538-a642-4bc4-86ca-baf44ba11af2, version=35.0.1, databaseEnabled=true, cssSelectorsEnabled=true, handlesAlerts=true, webStorageEnabled=true, nativeEvents=false, applicationCacheEnabled=true, takesScreenshot=true}]">
      <![CDATA[org.openqa.selenium.NoSuchElementException: Unable to locate element: {"method":"xpath","selector":".//*[@id='tabnavi_TabRow']/td[18]/a/img"}
For documentation on this error, please visit: http://seleniumhq.org/exceptions/no_such_element.html
Build info: version: '2.44.0', revision: '76d78cf', time: '2014-10-23 20:02:37'
System info: host: 'G-0439', ip: '10.163.105.52', os.name: 'Windows 7', os.arch: 'x86', os.version: '6.1', java.version: '1.7.0_80'
Driver info: driver.version: unknown
Command duration or timeout: 45.43 seconds
For documentation on this error, please visit: http://seleniumhq.org/exceptions/no_such_element.html
Build info: version: '2.44.0', revision: '76d78cf', time: '2014-10-23 20:03:00'
System info: host: 'G-0439', ip: '10.163.105.52', os.name: 'Windows 7', os.arch: 'x86', os.version: '6.1', java.version: '1.7.0_80'
Session ID: a2dc6538-a642-4bc4-86ca-baf44ba11af2
Driver info: org.openqa.selenium.remote.RemoteWebDriver
Capabilities [{platform=WINDOWS, javascriptEnabled=true, acceptSslCerts=true, browserName=firefox, rotatable=false, locationContextEnabled=true, webdriver.remote.sessionid=a2dc6538-a642-4bc4-86ca-baf44ba11af2, version=35.0.1, databaseEnabled=true, cssSelectorsEnabled=true, handlesAlerts=true, webStorageEnabled=true, nativeEvents=false, applicationCacheEnabled=true, takesScreenshot=true}]
	at org.openqa.selenium.remote.ErrorHandler.createThrowable(ErrorHandler.java:204)
	at org.openqa.selenium.remote.ErrorHandler.throwIfResponseFailed(ErrorHandler.java:156)
	at org.openqa.selenium.remote.RemoteWebDriver.execute(RemoteWebDriver.java:599)
	at org.openqa.selenium.remote.RemoteWebDriver.findElement(RemoteWebDriver.java:352)
	at org.openqa.selenium.remote.RemoteWebDriver.findElementByXPath(RemoteWebDriver.java:449)
	at org.openqa.selenium.By$ByXPath.findElement(By.java:357)
	at org.openqa.selenium.remote.RemoteWebDriver.findElement(RemoteWebDriver.java:344)
	at org.openqa.selenium.support.pagefactory.DefaultElementLocator.findElement(DefaultElementLocator.java:59)
	at org.openqa.selenium.support.pagefactory.internal.LocatingElementHandler.invoke(LocatingElementHandler.java:37)
	at com.sun.proxy.$Proxy9.isDisplayed(Unknown Source)
	at Orion1_Navigation.Admissions.VerifyAdmissionsManagerPage(Admissions.java:226)
Caused by: org.openqa.selenium.remote.ScreenshotException: Screen shot has been taken
Build info: version: '2.44.0', revision: '76d78cf', time: '2014-10-23 20:03:00'
System info: host: 'G-0439', ip: '10.163.105.52', os.name: 'Windows 7', os.arch: 'x86', os.version: '6.1', java.version: '1.7.0_80'
Driver info: driver.version: RemoteWebDriver
	at org.openqa.selenium.remote.ErrorHandler.throwIfResponseFailed(ErrorHandler.java:136)
	... 33 more
Caused by: org.openqa.selenium.NoSuchElementException: Unable to locate element: {"method":"xpath","selector":".//*[@id='tabnavi_TabRow']/td[18]/a/img"}
For documentation on this error, please visit: http://seleniumhq.org/exceptions/no_such_element.html
Build info: version: '2.44.0', revision: '76d78cf', time: '2014-10-23 20:02:37'
System info: host: 'G-0439', ip: '10.163.105.52', os.name: 'Windows 7', os.arch: 'x86', os.version: '6.1', java.version: '1.7.0_80'
Driver info: driver.version: unknown
For documentation on this error, please visit: http://seleniumhq.org/exceptions/no_such_element.html
Build info: version: '2.44.0', revision: '76d78cf', time: '2014-10-23 20:03:00'
System info: host: 'G-0439', ip: '10.163.105.52', os.name: 'Windows 7', os.arch: 'x86', os.version: '6.1', java.version: '1.7.0_80'
Driver info: driver.version: unknown
	at <anonymous class>.FirefoxDriver.prototype.findElementInternal_(file:///C:/Users/RAVIND~1.KUM/AppData/Local/Temp/anonymous2177180889062541870webdriver-profile/extensions/fxdriver@googlecode.com/components/driver-component.js:9641:26)
	at <anonymous class>.fxdriver.Timer.prototype.setTimeout/<.notify(file:///C:/Users/RAVIND~1.KUM/AppData/Local/Temp/anonymous2177180889062541870webdriver-profile/extensions/fxdriver@googlecode.com/components/driver-component.js:548:5)
... Removed 28 stack frames]]>
    </failure>
  </testcase> <!-- VerifyAdmissionsManagerPage -->
  <testcase name="VerifyAppraisalsLink" time="0.106" classname="Orion1_Navigation.Admissions"/>
  <testcase name="VerifyBonusTrackerLink" time="45.741" classname="Orion1_Navigation.Admissions">
    <failure type="org.openqa.selenium.NoSuchElementException" message="Unable to locate element: {&amp;quot;method&amp;quot;:&amp;quot;link text&amp;quot;,&amp;quot;selector&amp;quot;:&amp;quot;Bonus Tracker&amp;quot;}
For documentation on this error, please visit: http://seleniumhq.org/exceptions/no_such_element.html
Build info: version: &amp;apos;2.44.0&amp;apos;, revision: &amp;apos;76d78cf&amp;apos;, time: &amp;apos;2014-10-23 20:02:37&amp;apos;
System info: host: &amp;apos;G-0439&amp;apos;, ip: &amp;apos;10.163.105.52&amp;apos;, os.name: &amp;apos;Windows 7&amp;apos;, os.arch: &amp;apos;x86&amp;apos;, os.version: &amp;apos;6.1&amp;apos;, java.version: &amp;apos;1.7.0_80&amp;apos;
Driver info: driver.version: unknown
Command duration or timeout: 45.74 seconds
For documentation on this error, please visit: http://seleniumhq.org/exceptions/no_such_element.html
Build info: version: &amp;apos;2.44.0&amp;apos;, revision: &amp;apos;76d78cf&amp;apos;, time: &amp;apos;2014-10-23 20:03:00&amp;apos;
System info: host: &amp;apos;G-0439&amp;apos;, ip: &amp;apos;10.163.105.52&amp;apos;, os.name: &amp;apos;Windows 7&amp;apos;, os.arch: &amp;apos;x86&amp;apos;, os.version: &amp;apos;6.1&amp;apos;, java.version: &amp;apos;1.7.0_80&amp;apos;
Session ID: a2dc6538-a642-4bc4-86ca-baf44ba11af2
Driver info: org.openqa.selenium.remote.RemoteWebDriver
Capabilities [{platform=WINDOWS, javascriptEnabled=true, acceptSslCerts=true, browserName=firefox, rotatable=false, locationContextEnabled=true, webdriver.remote.sessionid=a2dc6538-a642-4bc4-86ca-baf44ba11af2, version=35.0.1, databaseEnabled=true, cssSelectorsEnabled=true, handlesAlerts=true, webStorageEnabled=true, nativeEvents=false, applicationCacheEnabled=true, takesScreenshot=true}]">
      <![CDATA[org.openqa.selenium.NoSuchElementException: Unable to locate element: {"method":"link text","selector":"Bonus Tracker"}
For documentation on this error, please visit: http://seleniumhq.org/exceptions/no_such_element.html
Build info: version: '2.44.0', revision: '76d78cf', time: '2014-10-23 20:02:37'
System info: host: 'G-0439', ip: '10.163.105.52', os.name: 'Windows 7', os.arch: 'x86', os.version: '6.1', java.version: '1.7.0_80'
Driver info: driver.version: unknown
Command duration or timeout: 45.74 seconds
For documentation on this error, please visit: http://seleniumhq.org/exceptions/no_such_element.html
Build info: version: '2.44.0', revision: '76d78cf', time: '2014-10-23 20:03:00'
System info: host: 'G-0439', ip: '10.163.105.52', os.name: 'Windows 7', os.arch: 'x86', os.version: '6.1', java.version: '1.7.0_80'
Session ID: a2dc6538-a642-4bc4-86ca-baf44ba11af2
Driver info: org.openqa.selenium.remote.RemoteWebDriver
Capabilities [{platform=WINDOWS, javascriptEnabled=true, acceptSslCerts=true, browserName=firefox, rotatable=false, locationContextEnabled=true, webdriver.remote.sessionid=a2dc6538-a642-4bc4-86ca-baf44ba11af2, version=35.0.1, databaseEnabled=true, cssSelectorsEnabled=true, handlesAlerts=true, webStorageEnabled=true, nativeEvents=false, applicationCacheEnabled=true, takesScreenshot=true}]
	at org.openqa.selenium.remote.ErrorHandler.createThrowable(ErrorHandler.java:204)
	at org.openqa.selenium.remote.ErrorHandler.throwIfResponseFailed(ErrorHandler.java:156)
	at org.openqa.selenium.remote.RemoteWebDriver.execute(RemoteWebDriver.java:599)
	at org.openqa.selenium.remote.RemoteWebDriver.findElement(RemoteWebDriver.java:352)
	at org.openqa.selenium.remote.RemoteWebDriver.findElementByLinkText(RemoteWebDriver.java:401)
	at org.openqa.selenium.By$ByLinkText.findElement(By.java:242)
	at org.openqa.selenium.remote.RemoteWebDriver.findElement(RemoteWebDriver.java:344)
	at org.openqa.selenium.support.pagefactory.DefaultElementLocator.findElement(DefaultElementLocator.java:59)
	at org.openqa.selenium.support.pagefactory.internal.LocatingElementHandler.invoke(LocatingElementHandler.java:37)
	at com.sun.proxy.$Proxy9.isDisplayed(Unknown Source)
	at Orion1_Navigation.Admissions.VerifyBonusTrackerLink(Admissions.java:122)
Caused by: org.openqa.selenium.remote.ScreenshotException: Screen shot has been taken
Build info: version: '2.44.0', revision: '76d78cf', time: '2014-10-23 20:03:00'
System info: host: 'G-0439', ip: '10.163.105.52', os.name: 'Windows 7', os.arch: 'x86', os.version: '6.1', java.version: '1.7.0_80'
Driver info: driver.version: RemoteWebDriver
	at org.openqa.selenium.remote.ErrorHandler.throwIfResponseFailed(ErrorHandler.java:136)
	... 33 more
Caused by: org.openqa.selenium.NoSuchElementException: Unable to locate element: {"method":"link text","selector":"Bonus Tracker"}
For documentation on this error, please visit: http://seleniumhq.org/exceptions/no_such_element.html
Build info: version: '2.44.0', revision: '76d78cf', time: '2014-10-23 20:02:37'
System info: host: 'G-0439', ip: '10.163.105.52', os.name: 'Windows 7', os.arch: 'x86', os.version: '6.1', java.version: '1.7.0_80'
Driver info: driver.version: unknown
For documentation on this error, please visit: http://seleniumhq.org/exceptions/no_such_element.html
Build info: version: '2.44.0', revision: '76d78cf', time: '2014-10-23 20:03:00'
System info: host: 'G-0439', ip: '10.163.105.52', os.name: 'Windows 7', os.arch: 'x86', os.version: '6.1', java.version: '1.7.0_80'
Driver info: driver.version: unknown
	at <anonymous class>.FirefoxDriver.prototype.findElementInternal_(file:///C:/Users/RAVIND~1.KUM/AppData/Local/Temp/anonymous2177180889062541870webdriver-profile/extensions/fxdriver@googlecode.com/components/driver-component.js:9641:26)
	at <anonymous class>.fxdriver.Timer.prototype.setTimeout/<.notify(file:///C:/Users/RAVIND~1.KUM/AppData/Local/Temp/anonymous2177180889062541870webdriver-profile/extensions/fxdriver@googlecode.com/components/driver-component.js:548:5)
... Removed 28 stack frames]]>
    </failure>
  </testcase> <!-- VerifyBonusTrackerLink -->
  <testcase name="VerifyEnrollmentExceptionsLink" time="0.097" classname="Orion1_Navigation.Admissions"/>
  <testcase name="VerifyOperationsLink" time="0.082" classname="Orion1_Navigation.Admissions"/>
  <testcase name="VerifyScriptManagerLink" time="0.084" classname="Orion1_Navigation.Admissions"/>
  <testcase name="VerifyScriptManagerPage" time="11.256" classname="Orion1_Navigation.Admissions"/>
  <testcase name="VerifySettingsLink" time="0.111" classname="Orion1_Navigation.Admissions"/>
  <testcase name="VerifySkillsCutOffManagerPage" time="3.12" classname="Orion1_Navigation.Admissions"/>
  <testcase name="VerifySkillsCutoffMgrLink" time="0.064" classname="Orion1_Navigation.Admissions"/>
  <testcase name="VerifyDNCLink" time="3.166" classname="Orion1_Navigation.Marketing"/>
  <testcase name="VerifyDispManaerLink" time="0.086" classname="Orion1_Navigation.Marketing"/>
  <testcase name="VerifyLeadScoringLink" time="0.103" classname="Orion1_Navigation.Marketing"/>
  <testcase name="VerifyManageSIFSitesLink" time="0.097" classname="Orion1_Navigation.Marketing"/>
  <testcase name="VerifyMarketingLink" time="0.082" classname="Orion1_Navigation.Marketing"/>
  <testcase name="VerifyQuesSearchLink" time="0.094" classname="Orion1_Navigation.Marketing"/>
  <testcase name="VerifySIFComparisonLink" time="0.113" classname="Orion1_Navigation.Marketing"/>
  <testcase name="VerifySIFManaerLink" time="0.092" classname="Orion1_Navigation.Marketing"/>
  <testcase name="VerifySIFSearchLink" time="0.098" classname="Orion1_Navigation.Marketing"/>
  <testcase name="VerifyVendor" time="0.062" classname="Orion1_Navigation.Marketing"/>
  <testcase name="VerifyAcademicAdvisingLink" time="0.868" classname="Orion1_Navigation.Academic"/>
  <testcase name="VerifyAcademicAdvisingPage" time="2.549" classname="Orion1_Navigation.Academic"/>
  <testcase name="VerifyAdminLink" time="0.097" classname="Orion1_Navigation.Academic"/>
  <testcase name="VerifyAdminPage" time="1.265" classname="Orion1_Navigation.Academic"/>
  <testcase name="VerifyAdvisorAssignmentLinkPage" time="1.207" classname="Orion1_Navigation.Academic"/>
  <testcase name="VerifyAssignmentExceptionLink" time="0.231" classname="Orion1_Navigation.Academic"/>
  <testcase name="VerifyAssignmentExceptionsPage" time="1.772" classname="Orion1_Navigation.Academic"/>
  <testcase name="VerifyEnrollmentExceptionsLink" time="0.284" classname="Orion1_Navigation.Academic"/>
  <testcase name="VerifyMLink" time="0.195" classname="Orion1_Navigation.Academic"/>
  <testcase name="VerifyRepGroupLink" time="0.103" classname="Orion1_Navigation.Academic"/>
  <testcase name="VerifyTeamDirectorLink" time="0.111" classname="Orion1_Navigation.Academic"/>
  <testcase name="VerifyTutoringLink" time="0.183" classname="Orion1_Navigation.Academic"/>
  <testcase name="VerifyTutoringViewPage" time="1.635" classname="Orion1_Navigation.Academic"/>
  <testcase name="VerifyAcademicAdvisingLink" time="0.853" classname="Orion1_Navigation.Accounting"/>
  <testcase name="VerifyAccountingPage" time="1.256" classname="Orion1_Navigation.Accounting"/>
  <testcase name="VerifyAccountingcodeManagementLink" time="0.096" classname="Orion1_Navigation.Accounting"/>
  <testcase name="VerifyAssignmentExceptionsPage" time="1.12" classname="Orion1_Navigation.Accounting"/>
  <testcase name="VerifyCampusCodeManagementLinkPage" time="1.238" classname="Orion1_Navigation.Accounting"/>
  <testcase name="VerifyDeliveryType" time="1.25" classname="Orion1_Navigation.Accounting"/>
  <testcase name="VerifyFileExportUtilityLink" time="0.109" classname="Orion1_Navigation.Accounting"/>
  <testcase name="VerifyFileExportUtilityPage" time="1.196" classname="Orion1_Navigation.Accounting"/>
  <testcase name="VerifyFileServiceLink" time="0.091" classname="Orion1_Navigation.Accounting"/>
  <testcase name="VerifyOutputFileManagementPage" time="1.186" classname="Orion1_Navigation.Accounting"/>
  <testcase name="VerifyTeamDirectorLink" time="0.076" classname="Orion1_Navigation.Accounting"/>
  <testcase name="VerifyTutoringLink" time="0.078" classname="Orion1_Navigation.Accounting"/>
  <testcase name="VerifyEditorialLink" time="0.814" classname="Orion1_Navigation.Editorial"/>
  <testcase name="VerifyGlobalProgramMappingLink" time="0.083" classname="Orion1_Navigation.Editorial"/>
  <testcase name="VerifyGlobalProgramMappingPage" time="1.756" classname="Orion1_Navigation.Editorial"/>
  <testcase name="VerifyProgramGroupMappingLink" time="0.081" classname="Orion1_Navigation.Editorial"/>
  <testcase name="VerifyProgramGroupMappingPage" time="1.598" classname="Orion1_Navigation.Editorial"/>
  <testcase name="VerifyProgramMappingLink" time="0.08" classname="Orion1_Navigation.Editorial"/>
  <testcase name="VerifyProgramMappingPage" time="2.451" classname="Orion1_Navigation.Editorial"/>
  <testcase name="ClickOnFirstLeads" time="133.846" classname="orion1_FileClose.FileCloseStudentManager"/>
  <testcase name="SearchLeadsInformationDetails" time="12.162" classname="orion1_FileClose.FileCloseStudentManager"/>
  <testcase name="ClickOnFirstLeads" time="114.874" classname="orion1_FileClose.FileCloseAdmissionManager"/>
  <testcase name="SearchLeadsInformationDetails" time="6.872" classname="orion1_FileClose.FileCloseAdmissionManager"/>
</testsuite> <!-- Orion1CLS_firefox -->
